[ 2016-03-01T18:57:44+08:00 ] 127.0.0.1 /thinkphp/admin/login
INFO: [ app_init ] --START--
INFO: Run Behavior\BuildLiteBehavior [ RunTime:0.000026s ]
INFO: [ app_init ] --END-- [ RunTime:0.000180s ]
ERR: 无法加载模块:Thinkphp

[ 2016-03-01T18:57:45+08:00 ] 127.0.0.1 /thinkphp/admin/login
INFO: [ app_init ] --START--
INFO: Run Behavior\BuildLiteBehavior [ RunTime:0.000025s ]
INFO: [ app_init ] --END-- [ RunTime:0.000157s ]
ERR: 无法加载模块:Thinkphp

[ 2016-03-01T18:58:53+08:00 ] 127.0.0.1 /Public/Css/login.css
INFO: [ app_init ] --START--
INFO: Run Behavior\BuildLiteBehavior [ RunTime:0.000029s ]
INFO: [ app_init ] --END-- [ RunTime:0.000192s ]
ERR: 无法加载模块:Public

[ 2016-03-01T18:58:53+08:00 ] 127.0.0.1 /Public/Css/admin_share.css
INFO: [ app_init ] --START--
INFO: Run Behavior\BuildLiteBehavior [ RunTime:0.000031s ]
INFO: [ app_init ] --END-- [ RunTime:0.000184s ]
ERR: 无法加载模块:Public

[ 2016-03-01T18:58:53+08:00 ] 127.0.0.1 /Public/Css/share.css
INFO: [ app_init ] --START--
INFO: Run Behavior\BuildLiteBehavior [ RunTime:0.000047s ]
INFO: [ app_init ] --END-- [ RunTime:0.000255s ]
ERR: 无法加载模块:Public

[ 2016-03-01T18:58:53+08:00 ] 127.0.0.1 /Public/Css/jquery.mCustomScrollbar.css
INFO: [ app_init ] --START--
INFO: Run Behavior\BuildLiteBehavior [ RunTime:0.000043s ]
INFO: [ app_init ] --END-- [ RunTime:0.000221s ]
ERR: 无法加载模块:Public

[ 2016-03-01T18:58:53+08:00 ] 127.0.0.1 /Public/Css/font/adminthemes-webfont.woff2
INFO: [ app_init ] --START--
INFO: Run Behavior\BuildLiteBehavior [ RunTime:0.000024s ]
INFO: [ app_init ] --END-- [ RunTime:0.000180s ]
ERR: 无法加载模块:Public

[ 2016-03-01T18:58:53+08:00 ] 127.0.0.1 /Public/Css/font/adminthemes-webfont.woff
INFO: [ app_init ] --START--
INFO: Run Behavior\BuildLiteBehavior [ RunTime:0.000042s ]
INFO: [ app_init ] --END-- [ RunTime:0.000157s ]
ERR: 无法加载模块:Public

[ 2016-03-01T18:58:53+08:00 ] 127.0.0.1 /Public/Css/font/adminthemes-webfont.ttf
INFO: [ app_init ] --START--
INFO: Run Behavior\BuildLiteBehavior [ RunTime:0.000036s ]
INFO: [ app_init ] --END-- [ RunTime:0.000208s ]
ERR: 无法加载模块:Public

[ 2016-03-01T18:59:00+08:00 ] 127.0.0.1 /Public/Css/share.css
INFO: [ app_init ] --START--
INFO: Run Behavior\BuildLiteBehavior [ RunTime:0.000032s ]
INFO: [ app_init ] --END-- [ RunTime:0.000176s ]
ERR: 无法加载模块:Public

[ 2016-03-01T18:59:00+08:00 ] 127.0.0.1 /Public/Css/login.css
INFO: [ app_init ] --START--
INFO: Run Behavior\BuildLiteBehavior [ RunTime:0.000034s ]
INFO: [ app_init ] --END-- [ RunTime:0.000227s ]
ERR: 无法加载模块:Public

[ 2016-03-01T18:59:00+08:00 ] 127.0.0.1 /Public/Css/admin_share.css
INFO: [ app_init ] --START--
INFO: Run Behavior\BuildLiteBehavior [ RunTime:0.000033s ]
INFO: [ app_init ] --END-- [ RunTime:0.000212s ]
ERR: 无法加载模块:Public

[ 2016-03-01T18:59:00+08:00 ] 127.0.0.1 /Public/Css/jquery.mCustomScrollbar.css
INFO: [ app_init ] --START--
INFO: Run Behavior\BuildLiteBehavior [ RunTime:0.000023s ]
INFO: [ app_init ] --END-- [ RunTime:0.000154s ]
ERR: 无法加载模块:Public

[ 2016-03-01T18:59:00+08:00 ] 127.0.0.1 /Public/Css/font/adminthemes-webfont.woff2
INFO: [ app_init ] --START--
INFO: Run Behavior\BuildLiteBehavior [ RunTime:0.000022s ]
INFO: [ app_init ] --END-- [ RunTime:0.000132s ]
ERR: 无法加载模块:Public

[ 2016-03-01T18:59:00+08:00 ] 127.0.0.1 /Public/Css/font/adminthemes-webfont.woff
INFO: [ app_init ] --START--
INFO: Run Behavior\BuildLiteBehavior [ RunTime:0.000042s ]
INFO: [ app_init ] --END-- [ RunTime:0.000244s ]
ERR: 无法加载模块:Public

[ 2016-03-01T18:59:00+08:00 ] 127.0.0.1 /Public/Css/font/adminthemes-webfont.ttf
INFO: [ app_init ] --START--
INFO: Run Behavior\BuildLiteBehavior [ RunTime:0.000021s ]
INFO: [ app_init ] --END-- [ RunTime:0.000133s ]
ERR: 无法加载模块:Public

[ 2016-03-01T18:59:01+08:00 ] 127.0.0.1 /Public/Css/admin_share.css
INFO: [ app_init ] --START--
INFO: Run Behavior\BuildLiteBehavior [ RunTime:0.000021s ]
INFO: [ app_init ] --END-- [ RunTime:0.000123s ]
ERR: 无法加载模块:Public

[ 2016-03-01T18:59:01+08:00 ] 127.0.0.1 /Public/Css/login.css
INFO: [ app_init ] --START--
INFO: Run Behavior\BuildLiteBehavior [ RunTime:0.000032s ]
INFO: [ app_init ] --END-- [ RunTime:0.000200s ]
ERR: 无法加载模块:Public

[ 2016-03-01T18:59:01+08:00 ] 127.0.0.1 /Public/Css/share.css
INFO: [ app_init ] --START--
INFO: Run Behavior\BuildLiteBehavior [ RunTime:0.000036s ]
INFO: [ app_init ] --END-- [ RunTime:0.000231s ]
ERR: 无法加载模块:Public

[ 2016-03-01T18:59:01+08:00 ] 127.0.0.1 /Public/Css/jquery.mCustomScrollbar.css
INFO: [ app_init ] --START--
INFO: Run Behavior\BuildLiteBehavior [ RunTime:0.000021s ]
INFO: [ app_init ] --END-- [ RunTime:0.000120s ]
ERR: 无法加载模块:Public

[ 2016-03-01T18:59:01+08:00 ] 127.0.0.1 /Public/Css/font/adminthemes-webfont.woff2
INFO: [ app_init ] --START--
INFO: Run Behavior\BuildLiteBehavior [ RunTime:0.000024s ]
INFO: [ app_init ] --END-- [ RunTime:0.000166s ]
ERR: 无法加载模块:Public

[ 2016-03-01T18:59:01+08:00 ] 127.0.0.1 /Public/Css/font/adminthemes-webfont.woff
INFO: [ app_init ] --START--
INFO: Run Behavior\BuildLiteBehavior [ RunTime:0.000033s ]
INFO: [ app_init ] --END-- [ RunTime:0.000209s ]
ERR: 无法加载模块:Public

[ 2016-03-01T18:59:01+08:00 ] 127.0.0.1 /Public/Css/font/adminthemes-webfont.ttf
INFO: [ app_init ] --START--
INFO: Run Behavior\BuildLiteBehavior [ RunTime:0.000023s ]
INFO: [ app_init ] --END-- [ RunTime:0.000159s ]
ERR: 无法加载模块:Public

[ 2016-03-01T18:59:28+08:00 ] 127.0.0.1 /Public/Css/login.css
INFO: [ app_init ] --START--
INFO: Run Behavior\BuildLiteBehavior [ RunTime:0.000029s ]
INFO: [ app_init ] --END-- [ RunTime:0.000130s ]
ERR: 无法加载模块:Public

[ 2016-03-01T18:59:28+08:00 ] 127.0.0.1 /Public/Css/admin_share.css
INFO: [ app_init ] --START--
INFO: Run Behavior\BuildLiteBehavior [ RunTime:0.000033s ]
INFO: [ app_init ] --END-- [ RunTime:0.000196s ]
ERR: 无法加载模块:Public

[ 2016-03-01T18:59:28+08:00 ] 127.0.0.1 /Public/Css/share.css
INFO: [ app_init ] --START--
INFO: Run Behavior\BuildLiteBehavior [ RunTime:0.000027s ]
INFO: [ app_init ] --END-- [ RunTime:0.000134s ]
ERR: 无法加载模块:Public

[ 2016-03-01T18:59:28+08:00 ] 127.0.0.1 /Public/Css/jquery.mCustomScrollbar.css
INFO: [ app_init ] --START--
INFO: Run Behavior\BuildLiteBehavior [ RunTime:0.000037s ]
INFO: [ app_init ] --END-- [ RunTime:0.000323s ]
ERR: 无法加载模块:Public

[ 2016-03-01T18:59:28+08:00 ] 127.0.0.1 /Public/Css/font/adminthemes-webfont.woff2
INFO: [ app_init ] --START--
INFO: Run Behavior\BuildLiteBehavior [ RunTime:0.000021s ]
INFO: [ app_init ] --END-- [ RunTime:0.000146s ]
ERR: 无法加载模块:Public

[ 2016-03-01T18:59:28+08:00 ] 127.0.0.1 /Public/Css/font/adminthemes-webfont.woff
INFO: [ app_init ] --START--
INFO: Run Behavior\BuildLiteBehavior [ RunTime:0.000045s ]
INFO: [ app_init ] --END-- [ RunTime:0.000267s ]
ERR: 无法加载模块:Public

[ 2016-03-01T18:59:29+08:00 ] 127.0.0.1 /Public/Css/font/adminthemes-webfont.ttf
INFO: [ app_init ] --START--
INFO: Run Behavior\BuildLiteBehavior [ RunTime:0.000029s ]
INFO: [ app_init ] --END-- [ RunTime:0.000181s ]
ERR: 无法加载模块:Public

[ 2016-03-01T18:59:29+08:00 ] 127.0.0.1 /Public/Css/login.css
INFO: [ app_init ] --START--
INFO: Run Behavior\BuildLiteBehavior [ RunTime:0.000034s ]
INFO: [ app_init ] --END-- [ RunTime:0.000198s ]
ERR: 无法加载模块:Public

[ 2016-03-01T18:59:29+08:00 ] 127.0.0.1 /Public/Css/share.css
INFO: [ app_init ] --START--
INFO: Run Behavior\BuildLiteBehavior [ RunTime:0.000040s ]
INFO: [ app_init ] --END-- [ RunTime:0.000180s ]
ERR: 无法加载模块:Public

[ 2016-03-01T18:59:29+08:00 ] 127.0.0.1 /Public/Css/admin_share.css
INFO: [ app_init ] --START--
INFO: Run Behavior\BuildLiteBehavior [ RunTime:0.000039s ]
INFO: [ app_init ] --END-- [ RunTime:0.000214s ]
ERR: 无法加载模块:Public

[ 2016-03-01T18:59:29+08:00 ] 127.0.0.1 /Public/Css/jquery.mCustomScrollbar.css
INFO: [ app_init ] --START--
INFO: Run Behavior\BuildLiteBehavior [ RunTime:0.000019s ]
INFO: [ app_init ] --END-- [ RunTime:0.000176s ]
ERR: 无法加载模块:Public

[ 2016-03-01T18:59:29+08:00 ] 127.0.0.1 /Public/Css/font/adminthemes-webfont.woff2
INFO: [ app_init ] --START--
INFO: Run Behavior\BuildLiteBehavior [ RunTime:0.000021s ]
INFO: [ app_init ] --END-- [ RunTime:0.000130s ]
ERR: 无法加载模块:Public

[ 2016-03-01T18:59:29+08:00 ] 127.0.0.1 /Public/Css/font/adminthemes-webfont.woff
INFO: [ app_init ] --START--
INFO: Run Behavior\BuildLiteBehavior [ RunTime:0.000022s ]
INFO: [ app_init ] --END-- [ RunTime:0.000163s ]
ERR: 无法加载模块:Public

[ 2016-03-01T18:59:29+08:00 ] 127.0.0.1 /Public/Css/font/adminthemes-webfont.ttf
INFO: [ app_init ] --START--
INFO: Run Behavior\BuildLiteBehavior [ RunTime:0.000022s ]
INFO: [ app_init ] --END-- [ RunTime:0.000271s ]
ERR: 无法加载模块:Public

[ 2016-03-01T18:59:31+08:00 ] 127.0.0.1 /Public/Css/share.css
INFO: [ app_init ] --START--
INFO: Run Behavior\BuildLiteBehavior [ RunTime:0.000031s ]
INFO: [ app_init ] --END-- [ RunTime:0.000209s ]
ERR: 无法加载模块:Public

[ 2016-03-01T18:59:31+08:00 ] 127.0.0.1 /Public/Css/jquery.mCustomScrollbar.css
INFO: [ app_init ] --START--
INFO: Run Behavior\BuildLiteBehavior [ RunTime:0.000033s ]
INFO: [ app_init ] --END-- [ RunTime:0.000240s ]
ERR: 无法加载模块:Public

[ 2016-03-01T18:59:31+08:00 ] 127.0.0.1 /Public/Css/admin_share.css
INFO: [ app_init ] --START--
INFO: Run Behavior\BuildLiteBehavior [ RunTime:0.000031s ]
INFO: [ app_init ] --END-- [ RunTime:0.000222s ]
ERR: 无法加载模块:Public

[ 2016-03-01T18:59:31+08:00 ] 127.0.0.1 /Public/Css/login.css
INFO: [ app_init ] --START--
INFO: Run Behavior\BuildLiteBehavior [ RunTime:0.000038s ]
INFO: [ app_init ] --END-- [ RunTime:0.000220s ]
ERR: 无法加载模块:Public

[ 2016-03-01T19:01:20+08:00 ] 127.0.0.1 /Public/Css/share.css
INFO: [ app_init ] --START--
INFO: Run Behavior\BuildLiteBehavior [ RunTime:0.000021s ]
INFO: [ app_init ] --END-- [ RunTime:0.000132s ]
ERR: 无法加载模块:Public

[ 2016-03-01T19:01:20+08:00 ] 127.0.0.1 /Public/Css/admin_share.css
INFO: [ app_init ] --START--
INFO: Run Behavior\BuildLiteBehavior [ RunTime:0.000035s ]
INFO: [ app_init ] --END-- [ RunTime:0.000181s ]
ERR: 无法加载模块:Public

[ 2016-03-01T19:01:20+08:00 ] 127.0.0.1 /Public/Css/login.css
INFO: [ app_init ] --START--
INFO: Run Behavior\BuildLiteBehavior [ RunTime:0.000035s ]
INFO: [ app_init ] --END-- [ RunTime:0.000233s ]
ERR: 无法加载模块:Public

[ 2016-03-01T19:01:20+08:00 ] 127.0.0.1 /Public/Css/jquery.mCustomScrollbar.css
INFO: [ app_init ] --START--
INFO: Run Behavior\BuildLiteBehavior [ RunTime:0.000034s ]
INFO: [ app_init ] --END-- [ RunTime:0.000255s ]
ERR: 无法加载模块:Public

[ 2016-03-01T19:01:20+08:00 ] 127.0.0.1 /Public/Css/font/adminthemes-webfont.woff2
INFO: [ app_init ] --START--
INFO: Run Behavior\BuildLiteBehavior [ RunTime:0.000021s ]
INFO: [ app_init ] --END-- [ RunTime:0.000147s ]
ERR: 无法加载模块:Public

[ 2016-03-01T19:01:20+08:00 ] 127.0.0.1 /Public/Css/font/adminthemes-webfont.woff
INFO: [ app_init ] --START--
INFO: Run Behavior\BuildLiteBehavior [ RunTime:0.000022s ]
INFO: [ app_init ] --END-- [ RunTime:0.000127s ]
ERR: 无法加载模块:Public

[ 2016-03-01T19:01:20+08:00 ] 127.0.0.1 /Public/Css/font/adminthemes-webfont.ttf
INFO: [ app_init ] --START--
INFO: Run Behavior\BuildLiteBehavior [ RunTime:0.000084s ]
INFO: [ app_init ] --END-- [ RunTime:0.000474s ]
ERR: 无法加载模块:Public

[ 2016-03-01T19:01:21+08:00 ] 127.0.0.1 /Public/Css/share.css
INFO: [ app_init ] --START--
INFO: Run Behavior\BuildLiteBehavior [ RunTime:0.000034s ]
INFO: [ app_init ] --END-- [ RunTime:0.000251s ]
ERR: 无法加载模块:Public

[ 2016-03-01T19:01:21+08:00 ] 127.0.0.1 /Public/Css/login.css
INFO: [ app_init ] --START--
INFO: Run Behavior\BuildLiteBehavior [ RunTime:0.000034s ]
INFO: [ app_init ] --END-- [ RunTime:0.000220s ]
ERR: 无法加载模块:Public

[ 2016-03-01T19:01:21+08:00 ] 127.0.0.1 /Public/Css/admin_share.css
INFO: [ app_init ] --START--
INFO: Run Behavior\BuildLiteBehavior [ RunTime:0.000022s ]
INFO: [ app_init ] --END-- [ RunTime:0.000149s ]
ERR: 无法加载模块:Public

[ 2016-03-01T19:01:21+08:00 ] 127.0.0.1 /Public/Css/jquery.mCustomScrollbar.css
INFO: [ app_init ] --START--
INFO: Run Behavior\BuildLiteBehavior [ RunTime:0.000032s ]
INFO: [ app_init ] --END-- [ RunTime:0.000214s ]
ERR: 无法加载模块:Public

[ 2016-03-01T19:01:21+08:00 ] 127.0.0.1 /Public/Css/font/adminthemes-webfont.woff2
INFO: [ app_init ] --START--
INFO: Run Behavior\BuildLiteBehavior [ RunTime:0.000022s ]
INFO: [ app_init ] --END-- [ RunTime:0.000157s ]
ERR: 无法加载模块:Public

[ 2016-03-01T19:01:21+08:00 ] 127.0.0.1 /Public/Css/font/adminthemes-webfont.woff
INFO: [ app_init ] --START--
INFO: Run Behavior\BuildLiteBehavior [ RunTime:0.000035s ]
INFO: [ app_init ] --END-- [ RunTime:0.000275s ]
ERR: 无法加载模块:Public

[ 2016-03-01T19:01:21+08:00 ] 127.0.0.1 /Public/Css/font/adminthemes-webfont.ttf
INFO: [ app_init ] --START--
INFO: Run Behavior\BuildLiteBehavior [ RunTime:0.000039s ]
INFO: [ app_init ] --END-- [ RunTime:0.000248s ]
ERR: 无法加载模块:Public

[ 2016-03-01T19:01:21+08:00 ] 127.0.0.1 /Public/Css/admin_share.css
INFO: [ app_init ] --START--
INFO: Run Behavior\BuildLiteBehavior [ RunTime:0.000020s ]
INFO: [ app_init ] --END-- [ RunTime:0.000122s ]
ERR: 无法加载模块:Public

[ 2016-03-01T19:01:21+08:00 ] 127.0.0.1 /Public/Css/login.css
INFO: [ app_init ] --START--
INFO: Run Behavior\BuildLiteBehavior [ RunTime:0.000024s ]
INFO: [ app_init ] --END-- [ RunTime:0.000153s ]
ERR: 无法加载模块:Public

[ 2016-03-01T19:01:21+08:00 ] 127.0.0.1 /Public/Css/share.css
INFO: [ app_init ] --START--
INFO: Run Behavior\BuildLiteBehavior [ RunTime:0.000033s ]
INFO: [ app_init ] --END-- [ RunTime:0.000228s ]
ERR: 无法加载模块:Public

[ 2016-03-01T19:01:21+08:00 ] 127.0.0.1 /Public/Css/jquery.mCustomScrollbar.css
INFO: [ app_init ] --START--
INFO: Run Behavior\BuildLiteBehavior [ RunTime:0.000025s ]
INFO: [ app_init ] --END-- [ RunTime:0.000157s ]
ERR: 无法加载模块:Public

[ 2016-03-01T19:01:21+08:00 ] 127.0.0.1 /Public/Css/font/adminthemes-webfont.woff2
INFO: [ app_init ] --START--
INFO: Run Behavior\BuildLiteBehavior [ RunTime:0.000022s ]
INFO: [ app_init ] --END-- [ RunTime:0.000186s ]
ERR: 无法加载模块:Public

[ 2016-03-01T19:01:21+08:00 ] 127.0.0.1 /Public/Css/font/adminthemes-webfont.woff
INFO: [ app_init ] --START--
INFO: Run Behavior\BuildLiteBehavior [ RunTime:0.000022s ]
INFO: [ app_init ] --END-- [ RunTime:0.000139s ]
ERR: 无法加载模块:Public

[ 2016-03-01T19:01:21+08:00 ] 127.0.0.1 /Public/Css/font/adminthemes-webfont.ttf
INFO: [ app_init ] --START--
INFO: Run Behavior\BuildLiteBehavior [ RunTime:0.000021s ]
INFO: [ app_init ] --END-- [ RunTime:0.000136s ]
ERR: 无法加载模块:Public

[ 2016-03-01T19:01:55+08:00 ] 127.0.0.1 /Public/Css/jquery.mCustomScrollbar.css
INFO: [ app_init ] --START--
INFO: Run Behavior\BuildLiteBehavior [ RunTime:0.000049s ]
INFO: [ app_init ] --END-- [ RunTime:0.000186s ]
ERR: 无法加载模块:Public

[ 2016-03-01T19:01:55+08:00 ] 127.0.0.1 /Public/Css/font/adminthemes-webfont.woff2
INFO: [ app_init ] --START--
INFO: Run Behavior\BuildLiteBehavior [ RunTime:0.000021s ]
INFO: [ app_init ] --END-- [ RunTime:0.000135s ]
ERR: 无法加载模块:Public

[ 2016-03-01T19:01:55+08:00 ] 127.0.0.1 /Public/Css/font/adminthemes-webfont.woff
INFO: [ app_init ] --START--
INFO: Run Behavior\BuildLiteBehavior [ RunTime:0.000035s ]
INFO: [ app_init ] --END-- [ RunTime:0.000208s ]
ERR: 无法加载模块:Public

[ 2016-03-01T19:01:55+08:00 ] 127.0.0.1 /Public/Css/font/adminthemes-webfont.ttf
INFO: [ app_init ] --START--
INFO: Run Behavior\BuildLiteBehavior [ RunTime:0.000024s ]
INFO: [ app_init ] --END-- [ RunTime:0.000128s ]
ERR: 无法加载模块:Public

[ 2016-03-01T19:01:56+08:00 ] 127.0.0.1 /Public/Css/jquery.mCustomScrollbar.css
INFO: [ app_init ] --START--
INFO: Run Behavior\BuildLiteBehavior [ RunTime:0.000022s ]
INFO: [ app_init ] --END-- [ RunTime:0.000120s ]
ERR: 无法加载模块:Public

[ 2016-03-01T19:01:56+08:00 ] 127.0.0.1 /Public/Css/font/adminthemes-webfont.woff2
INFO: [ app_init ] --START--
INFO: Run Behavior\BuildLiteBehavior [ RunTime:0.000025s ]
INFO: [ app_init ] --END-- [ RunTime:0.000210s ]
ERR: 无法加载模块:Public

[ 2016-03-01T19:01:56+08:00 ] 127.0.0.1 /Public/Css/font/adminthemes-webfont.woff
INFO: [ app_init ] --START--
INFO: Run Behavior\BuildLiteBehavior [ RunTime:0.000040s ]
INFO: [ app_init ] --END-- [ RunTime:0.000248s ]
ERR: 无法加载模块:Public

[ 2016-03-01T19:01:56+08:00 ] 127.0.0.1 /Public/Css/font/adminthemes-webfont.ttf
INFO: [ app_init ] --START--
INFO: Run Behavior\BuildLiteBehavior [ RunTime:0.000032s ]
INFO: [ app_init ] --END-- [ RunTime:0.000187s ]
ERR: 无法加载模块:Public

[ 2016-03-01T19:01:56+08:00 ] 127.0.0.1 /Public/Css/jquery.mCustomScrollbar.css
INFO: [ app_init ] --START--
INFO: Run Behavior\BuildLiteBehavior [ RunTime:0.000022s ]
INFO: [ app_init ] --END-- [ RunTime:0.000124s ]
ERR: 无法加载模块:Public

[ 2016-03-01T19:01:56+08:00 ] 127.0.0.1 /Public/Css/font/adminthemes-webfont.woff2
INFO: [ app_init ] --START--
INFO: Run Behavior\BuildLiteBehavior [ RunTime:0.000021s ]
INFO: [ app_init ] --END-- [ RunTime:0.000116s ]
ERR: 无法加载模块:Public

[ 2016-03-01T19:01:56+08:00 ] 127.0.0.1 /Public/Css/font/adminthemes-webfont.woff
INFO: [ app_init ] --START--
INFO: Run Behavior\BuildLiteBehavior [ RunTime:0.000039s ]
INFO: [ app_init ] --END-- [ RunTime:0.000183s ]
ERR: 无法加载模块:Public

[ 2016-03-01T19:01:56+08:00 ] 127.0.0.1 /Public/Css/font/adminthemes-webfont.ttf
INFO: [ app_init ] --START--
INFO: Run Behavior\BuildLiteBehavior [ RunTime:0.000037s ]
INFO: [ app_init ] --END-- [ RunTime:0.000310s ]
ERR: 无法加载模块:Public

[ 2016-03-01T19:01:56+08:00 ] 127.0.0.1 /Public/Css/jquery.mCustomScrollbar.css
INFO: [ app_init ] --START--
INFO: Run Behavior\BuildLiteBehavior [ RunTime:0.000020s ]
INFO: [ app_init ] --END-- [ RunTime:0.000122s ]
ERR: 无法加载模块:Public

[ 2016-03-01T19:01:56+08:00 ] 127.0.0.1 /Public/Css/font/adminthemes-webfont.woff2
INFO: [ app_init ] --START--
INFO: Run Behavior\BuildLiteBehavior [ RunTime:0.000024s ]
INFO: [ app_init ] --END-- [ RunTime:0.000157s ]
ERR: 无法加载模块:Public

[ 2016-03-01T19:01:56+08:00 ] 127.0.0.1 /Public/Css/font/adminthemes-webfont.woff
INFO: [ app_init ] --START--
INFO: Run Behavior\BuildLiteBehavior [ RunTime:0.000021s ]
INFO: [ app_init ] --END-- [ RunTime:0.000158s ]
ERR: 无法加载模块:Public

[ 2016-03-01T19:01:56+08:00 ] 127.0.0.1 /Public/Css/font/adminthemes-webfont.ttf
INFO: [ app_init ] --START--
INFO: Run Behavior\BuildLiteBehavior [ RunTime:0.000033s ]
INFO: [ app_init ] --END-- [ RunTime:0.000205s ]
ERR: 无法加载模块:Public

[ 2016-03-01T19:01:56+08:00 ] 127.0.0.1 /Public/Css/jquery.mCustomScrollbar.css
INFO: [ app_init ] --START--
INFO: Run Behavior\BuildLiteBehavior [ RunTime:0.000020s ]
INFO: [ app_init ] --END-- [ RunTime:0.000135s ]
ERR: 无法加载模块:Public

[ 2016-03-01T19:01:56+08:00 ] 127.0.0.1 /Public/Css/font/adminthemes-webfont.woff2
INFO: [ app_init ] --START--
INFO: Run Behavior\BuildLiteBehavior [ RunTime:0.000021s ]
INFO: [ app_init ] --END-- [ RunTime:0.000137s ]
ERR: 无法加载模块:Public

[ 2016-03-01T19:01:56+08:00 ] 127.0.0.1 /Public/Css/font/adminthemes-webfont.woff
INFO: [ app_init ] --START--
INFO: Run Behavior\BuildLiteBehavior [ RunTime:0.000023s ]
INFO: [ app_init ] --END-- [ RunTime:0.000166s ]
ERR: 无法加载模块:Public

[ 2016-03-01T19:01:56+08:00 ] 127.0.0.1 /Public/Css/font/adminthemes-webfont.ttf
INFO: [ app_init ] --START--
INFO: Run Behavior\BuildLiteBehavior [ RunTime:0.000033s ]
INFO: [ app_init ] --END-- [ RunTime:0.000243s ]
ERR: 无法加载模块:Public

[ 2016-03-01T19:05:29+08:00 ] 127.0.0.1 /Public/Css/jquery.mCustomScrollbar.css
INFO: [ app_init ] --START--
INFO: Run Behavior\BuildLiteBehavior [ RunTime:0.000022s ]
INFO: [ app_init ] --END-- [ RunTime:0.000118s ]
ERR: 无法加载模块:Public

[ 2016-03-01T19:05:29+08:00 ] 127.0.0.1 /Public/Css/font/adminthemes-webfont.woff2
INFO: [ app_init ] --START--
INFO: Run Behavior\BuildLiteBehavior [ RunTime:0.000019s ]
INFO: [ app_init ] --END-- [ RunTime:0.000114s ]
ERR: 无法加载模块:Public

[ 2016-03-01T19:05:29+08:00 ] 127.0.0.1 /Public/Css/font/adminthemes-webfont.woff
INFO: [ app_init ] --START--
INFO: Run Behavior\BuildLiteBehavior [ RunTime:0.000021s ]
INFO: [ app_init ] --END-- [ RunTime:0.000122s ]
ERR: 无法加载模块:Public

[ 2016-03-01T19:05:29+08:00 ] 127.0.0.1 /Public/Css/font/adminthemes-webfont.ttf
INFO: [ app_init ] --START--
INFO: Run Behavior\BuildLiteBehavior [ RunTime:0.000024s ]
INFO: [ app_init ] --END-- [ RunTime:0.000160s ]
ERR: 无法加载模块:Public

[ 2016-03-01T19:05:50+08:00 ] 127.0.0.1 /Public/Css/jquery.mCustomScrollbar.css
INFO: [ app_init ] --START--
INFO: Run Behavior\BuildLiteBehavior [ RunTime:0.000020s ]
INFO: [ app_init ] --END-- [ RunTime:0.000116s ]
ERR: 无法加载模块:Public

[ 2016-03-01T19:06:07+08:00 ] 127.0.0.1 /Public/Css/jquery.mCustomScrollbar.css
INFO: [ app_init ] --START--
INFO: Run Behavior\BuildLiteBehavior [ RunTime:0.000019s ]
INFO: [ app_init ] --END-- [ RunTime:0.000113s ]
ERR: 无法加载模块:Public

[ 2016-03-01T19:06:07+08:00 ] 127.0.0.1 /Public/Css/font/adminthemes-webfont.woff2
INFO: [ app_init ] --START--
INFO: Run Behavior\BuildLiteBehavior [ RunTime:0.000034s ]
INFO: [ app_init ] --END-- [ RunTime:0.000218s ]
ERR: 无法加载模块:Public

[ 2016-03-01T19:06:07+08:00 ] 127.0.0.1 /Public/Css/font/adminthemes-webfont.woff
INFO: [ app_init ] --START--
INFO: Run Behavior\BuildLiteBehavior [ RunTime:0.000071s ]
INFO: [ app_init ] --END-- [ RunTime:0.000271s ]
ERR: 无法加载模块:Public

[ 2016-03-01T19:06:07+08:00 ] 127.0.0.1 /Public/Css/font/adminthemes-webfont.ttf
INFO: [ app_init ] --START--
INFO: Run Behavior\BuildLiteBehavior [ RunTime:0.000056s ]
INFO: [ app_init ] --END-- [ RunTime:0.000154s ]
ERR: 无法加载模块:Public

[ 2016-03-01T19:06:08+08:00 ] 127.0.0.1 /Public/Css/jquery.mCustomScrollbar.css
INFO: [ app_init ] --START--
INFO: Run Behavior\BuildLiteBehavior [ RunTime:0.000041s ]
INFO: [ app_init ] --END-- [ RunTime:0.000155s ]
ERR: 无法加载模块:Public

[ 2016-03-01T19:06:08+08:00 ] 127.0.0.1 /Public/Css/font/adminthemes-webfont.woff2
INFO: [ app_init ] --START--
INFO: Run Behavior\BuildLiteBehavior [ RunTime:0.000064s ]
INFO: [ app_init ] --END-- [ RunTime:0.000345s ]
ERR: 无法加载模块:Public

[ 2016-03-01T19:06:08+08:00 ] 127.0.0.1 /Public/Css/font/adminthemes-webfont.woff
INFO: [ app_init ] --START--
INFO: Run Behavior\BuildLiteBehavior [ RunTime:0.000020s ]
INFO: [ app_init ] --END-- [ RunTime:0.000112s ]
ERR: 无法加载模块:Public

[ 2016-03-01T19:06:08+08:00 ] 127.0.0.1 /Public/Css/font/adminthemes-webfont.ttf
INFO: [ app_init ] --START--
INFO: Run Behavior\BuildLiteBehavior [ RunTime:0.000018s ]
INFO: [ app_init ] --END-- [ RunTime:0.000110s ]
ERR: 无法加载模块:Public

[ 2016-03-01T19:06:12+08:00 ] 127.0.0.1 /Public/Css/jquery.mCustomScrollbar.css
INFO: [ app_init ] --START--
INFO: Run Behavior\BuildLiteBehavior [ RunTime:0.000021s ]
INFO: [ app_init ] --END-- [ RunTime:0.000116s ]
ERR: 无法加载模块:Public

[ 2016-03-01T19:06:56+08:00 ] 127.0.0.1 /Public/Css/jquery.mCustomScrollbar.css
INFO: [ app_init ] --START--
INFO: Run Behavior\BuildLiteBehavior [ RunTime:0.000020s ]
INFO: [ app_init ] --END-- [ RunTime:0.000117s ]
ERR: 无法加载模块:Public

[ 2016-03-01T19:06:56+08:00 ] 127.0.0.1 /Public/Css/font/adminthemes-webfont.woff2
INFO: [ app_init ] --START--
INFO: Run Behavior\BuildLiteBehavior [ RunTime:0.000020s ]
INFO: [ app_init ] --END-- [ RunTime:0.000146s ]
ERR: 无法加载模块:Public

[ 2016-03-01T19:06:56+08:00 ] 127.0.0.1 /Public/Css/font/adminthemes-webfont.woff
INFO: [ app_init ] --START--
INFO: Run Behavior\BuildLiteBehavior [ RunTime:0.000020s ]
INFO: [ app_init ] --END-- [ RunTime:0.000118s ]
ERR: 无法加载模块:Public

[ 2016-03-01T19:06:56+08:00 ] 127.0.0.1 /Public/Css/font/adminthemes-webfont.ttf
INFO: [ app_init ] --START--
INFO: Run Behavior\BuildLiteBehavior [ RunTime:0.000020s ]
INFO: [ app_init ] --END-- [ RunTime:0.000114s ]
ERR: 无法加载模块:Public

[ 2016-03-01T19:07:40+08:00 ] 127.0.0.1 /Public/Css/jquery.mCustomScrollbar.css
INFO: [ app_init ] --START--
INFO: Run Behavior\BuildLiteBehavior [ RunTime:0.000020s ]
INFO: [ app_init ] --END-- [ RunTime:0.000125s ]
ERR: 无法加载模块:Public

[ 2016-03-01T19:07:40+08:00 ] 127.0.0.1 /Public/Css/font/adminthemes-webfont.woff2
INFO: [ app_init ] --START--
INFO: Run Behavior\BuildLiteBehavior [ RunTime:0.000027s ]
INFO: [ app_init ] --END-- [ RunTime:0.000132s ]
ERR: 无法加载模块:Public

[ 2016-03-01T19:07:40+08:00 ] 127.0.0.1 /Public/Css/font/adminthemes-webfont.woff
INFO: [ app_init ] --START--
INFO: Run Behavior\BuildLiteBehavior [ RunTime:0.000036s ]
INFO: [ app_init ] --END-- [ RunTime:0.000243s ]
ERR: 无法加载模块:Public

[ 2016-03-01T19:07:40+08:00 ] 127.0.0.1 /Public/Css/font/adminthemes-webfont.ttf
INFO: [ app_init ] --START--
INFO: Run Behavior\BuildLiteBehavior [ RunTime:0.000049s ]
INFO: [ app_init ] --END-- [ RunTime:0.000225s ]
ERR: 无法加载模块:Public

[ 2016-03-01T19:07:40+08:00 ] 127.0.0.1 /Public/Css/jquery.mCustomScrollbar.css
INFO: [ app_init ] --START--
INFO: Run Behavior\BuildLiteBehavior [ RunTime:0.000020s ]
INFO: [ app_init ] --END-- [ RunTime:0.000117s ]
ERR: 无法加载模块:Public

[ 2016-03-01T19:07:40+08:00 ] 127.0.0.1 /Public/Css/font/adminthemes-webfont.woff2
INFO: [ app_init ] --START--
INFO: Run Behavior\BuildLiteBehavior [ RunTime:0.000037s ]
INFO: [ app_init ] --END-- [ RunTime:0.000154s ]
ERR: 无法加载模块:Public

[ 2016-03-01T19:07:40+08:00 ] 127.0.0.1 /Public/Css/font/adminthemes-webfont.woff
INFO: [ app_init ] --START--
INFO: Run Behavior\BuildLiteBehavior [ RunTime:0.000020s ]
INFO: [ app_init ] --END-- [ RunTime:0.000116s ]
ERR: 无法加载模块:Public

[ 2016-03-01T19:07:41+08:00 ] 127.0.0.1 /Public/Css/font/adminthemes-webfont.ttf
INFO: [ app_init ] --START--
INFO: Run Behavior\BuildLiteBehavior [ RunTime:0.000020s ]
INFO: [ app_init ] --END-- [ RunTime:0.000113s ]
ERR: 无法加载模块:Public

[ 2016-03-01T19:07:43+08:00 ] 127.0.0.1 /Public/Css/jquery.mCustomScrollbar.css
INFO: [ app_init ] --START--
INFO: Run Behavior\BuildLiteBehavior [ RunTime:0.000063s ]
INFO: [ app_init ] --END-- [ RunTime:0.000168s ]
ERR: 无法加载模块:Public

[ 2016-03-01T19:10:48+08:00 ] 127.0.0.1 /Public/Css/jquery.mCustomScrollbar.css
INFO: [ app_init ] --START--
INFO: Run Behavior\BuildLiteBehavior [ RunTime:0.000041s ]
INFO: [ app_init ] --END-- [ RunTime:0.000196s ]
ERR: 无法加载模块:Public

[ 2016-03-01T19:10:49+08:00 ] 127.0.0.1 /Public/Css/jquery.mCustomScrollbar.css
INFO: [ app_init ] --START--
INFO: Run Behavior\BuildLiteBehavior [ RunTime:0.000021s ]
INFO: [ app_init ] --END-- [ RunTime:0.000120s ]
ERR: 无法加载模块:Public

[ 2016-03-01T19:10:50+08:00 ] 127.0.0.1 /Public/Css/jquery.mCustomScrollbar.css
INFO: [ app_init ] --START--
INFO: Run Behavior\BuildLiteBehavior [ RunTime:0.000034s ]
INFO: [ app_init ] --END-- [ RunTime:0.000223s ]
ERR: 无法加载模块:Public

[ 2016-03-01T19:10:56+08:00 ] 127.0.0.1 /Public/Css/jquery.mCustomScrollbar.css
INFO: [ app_init ] --START--
INFO: Run Behavior\BuildLiteBehavior [ RunTime:0.000020s ]
INFO: [ app_init ] --END-- [ RunTime:0.000116s ]
ERR: 无法加载模块:Public

[ 2016-03-01T19:10:56+08:00 ] 127.0.0.1 /Public/Css/jquery.mCustomScrollbar.css
INFO: [ app_init ] --START--
INFO: Run Behavior\BuildLiteBehavior [ RunTime:0.000020s ]
INFO: [ app_init ] --END-- [ RunTime:0.000117s ]
ERR: 无法加载模块:Public

[ 2016-03-01T19:11:00+08:00 ] 127.0.0.1 /Public/Css/jquery.mCustomScrollbar.css
INFO: [ app_init ] --START--
INFO: Run Behavior\BuildLiteBehavior [ RunTime:0.000021s ]
INFO: [ app_init ] --END-- [ RunTime:0.000121s ]
ERR: 无法加载模块:Public

[ 2016-03-01T19:11:38+08:00 ] 127.0.0.1 /Public/Css/jquery.mCustomScrollbar.css
INFO: [ app_init ] --START--
INFO: Run Behavior\BuildLiteBehavior [ RunTime:0.000029s ]
INFO: [ app_init ] --END-- [ RunTime:0.000161s ]
ERR: 无法加载模块:Public

[ 2016-03-01T19:19:43+08:00 ] 127.0.0.1 /Public/Css/jquery.mCustomScrollbar.css
INFO: [ app_init ] --START--
INFO: Run Behavior\BuildLiteBehavior [ RunTime:0.000057s ]
INFO: [ app_init ] --END-- [ RunTime:0.000203s ]
ERR: 无法加载模块:Public

[ 2016-03-01T19:19:44+08:00 ] 127.0.0.1 /Public/Css/jquery.mCustomScrollbar.css
INFO: [ app_init ] --START--
INFO: Run Behavior\BuildLiteBehavior [ RunTime:0.000021s ]
INFO: [ app_init ] --END-- [ RunTime:0.000130s ]
ERR: 无法加载模块:Public

[ 2016-03-01T19:19:44+08:00 ] 127.0.0.1 /Public/Css/jquery.mCustomScrollbar.css
INFO: [ app_init ] --START--
INFO: Run Behavior\BuildLiteBehavior [ RunTime:0.000020s ]
INFO: [ app_init ] --END-- [ RunTime:0.000115s ]
ERR: 无法加载模块:Public

[ 2016-03-01T19:20:09+08:00 ] 127.0.0.1 /Public/Css/jquery.mCustomScrollbar.css
INFO: [ app_init ] --START--
INFO: Run Behavior\BuildLiteBehavior [ RunTime:0.000021s ]
INFO: [ app_init ] --END-- [ RunTime:0.000153s ]
ERR: 无法加载模块:Public

[ 2016-03-01T19:20:58+08:00 ] 127.0.0.1 /Public/Css/jquery.mCustomScrollbar.css
INFO: [ app_init ] --START--
INFO: Run Behavior\BuildLiteBehavior [ RunTime:0.000019s ]
INFO: [ app_init ] --END-- [ RunTime:0.000125s ]
ERR: 无法加载模块:Public

[ 2016-03-01T19:21:23+08:00 ] 127.0.0.1 /Public/Css/jquery.mCustomScrollbar.css
INFO: [ app_init ] --START--
INFO: Run Behavior\BuildLiteBehavior [ RunTime:0.000021s ]
INFO: [ app_init ] --END-- [ RunTime:0.000123s ]
ERR: 无法加载模块:Public

[ 2016-03-01T19:22:50+08:00 ] 127.0.0.1 /Public/Css/jquery.mCustomScrollbar.css
INFO: [ app_init ] --START--
INFO: Run Behavior\BuildLiteBehavior [ RunTime:0.000020s ]
INFO: [ app_init ] --END-- [ RunTime:0.000164s ]
ERR: 无法加载模块:Public

[ 2016-03-01T19:23:13+08:00 ] 127.0.0.1 /Public/Css/jquery.mCustomScrollbar.css
INFO: [ app_init ] --START--
INFO: Run Behavior\BuildLiteBehavior [ RunTime:0.000020s ]
INFO: [ app_init ] --END-- [ RunTime:0.000115s ]
ERR: 无法加载模块:Public

[ 2016-03-01T19:23:13+08:00 ] 127.0.0.1 /Public/Css/jquery.mCustomScrollbar.css
INFO: [ app_init ] --START--
INFO: Run Behavior\BuildLiteBehavior [ RunTime:0.000022s ]
INFO: [ app_init ] --END-- [ RunTime:0.000193s ]
ERR: 无法加载模块:Public

[ 2016-03-01T19:23:14+08:00 ] 127.0.0.1 /Public/Css/jquery.mCustomScrollbar.css
INFO: [ app_init ] --START--
INFO: Run Behavior\BuildLiteBehavior [ RunTime:0.000029s ]
INFO: [ app_init ] --END-- [ RunTime:0.000194s ]
ERR: 无法加载模块:Public

[ 2016-03-01T19:23:31+08:00 ] 127.0.0.1 /Public/Css/jquery.mCustomScrollbar.css
INFO: [ app_init ] --START--
INFO: Run Behavior\BuildLiteBehavior [ RunTime:0.000020s ]
INFO: [ app_init ] --END-- [ RunTime:0.000126s ]
ERR: 无法加载模块:Public

[ 2016-03-01T19:23:32+08:00 ] 127.0.0.1 /Public/Css/jquery.mCustomScrollbar.css
INFO: [ app_init ] --START--
INFO: Run Behavior\BuildLiteBehavior [ RunTime:0.000023s ]
INFO: [ app_init ] --END-- [ RunTime:0.000163s ]
ERR: 无法加载模块:Public

[ 2016-03-01T19:23:37+08:00 ] 127.0.0.1 /Public/Css/jquery.mCustomScrollbar.css
INFO: [ app_init ] --START--
INFO: Run Behavior\BuildLiteBehavior [ RunTime:0.000020s ]
INFO: [ app_init ] --END-- [ RunTime:0.000112s ]
ERR: 无法加载模块:Public

[ 2016-03-01T19:23:39+08:00 ] 127.0.0.1 /Public/Css/jquery.mCustomScrollbar.css
INFO: [ app_init ] --START--
INFO: Run Behavior\BuildLiteBehavior [ RunTime:0.000019s ]
INFO: [ app_init ] --END-- [ RunTime:0.000112s ]
ERR: 无法加载模块:Public

[ 2016-03-01T19:23:57+08:00 ] 127.0.0.1 /Public/Css/jquery.mCustomScrollbar.css
INFO: [ app_init ] --START--
INFO: Run Behavior\BuildLiteBehavior [ RunTime:0.000020s ]
INFO: [ app_init ] --END-- [ RunTime:0.000118s ]
ERR: 无法加载模块:Public

[ 2016-03-01T19:23:57+08:00 ] 127.0.0.1 /Public/Css/jquery.mCustomScrollbar.css
INFO: [ app_init ] --START--
INFO: Run Behavior\BuildLiteBehavior [ RunTime:0.000020s ]
INFO: [ app_init ] --END-- [ RunTime:0.000130s ]
ERR: 无法加载模块:Public

[ 2016-03-01T19:24:00+08:00 ] 127.0.0.1 /Public/Css/jquery.mCustomScrollbar.css
INFO: [ app_init ] --START--
INFO: Run Behavior\BuildLiteBehavior [ RunTime:0.000020s ]
INFO: [ app_init ] --END-- [ RunTime:0.000148s ]
ERR: 无法加载模块:Public

[ 2016-03-01T20:06:40+08:00 ] 127.0.0.1 /favicon.ico
INFO: [ app_init ] --START--
INFO: Run Behavior\BuildLiteBehavior [ RunTime:0.000027s ]
INFO: [ app_init ] --END-- [ RunTime:0.000164s ]
ERR: 无法加载模块:Favicon

[ 2016-03-01T20:06:53+08:00 ] 127.0.0.1 /Public/Css/jquery.mCustomScrollbar.css
INFO: [ app_init ] --START--
INFO: Run Behavior\BuildLiteBehavior [ RunTime:0.000027s ]
INFO: [ app_init ] --END-- [ RunTime:0.000167s ]
ERR: 无法加载模块:Public

[ 2016-03-01T20:08:32+08:00 ] 127.0.0.1 /Public/Css/jquery.mCustomScrollbar.css
INFO: [ app_init ] --START--
INFO: Run Behavior\BuildLiteBehavior [ RunTime:0.000048s ]
INFO: [ app_init ] --END-- [ RunTime:0.000277s ]
ERR: 无法加载模块:Public

[ 2016-03-01T20:08:33+08:00 ] 127.0.0.1 /Public/Css/jquery.mCustomScrollbar.css
INFO: [ app_init ] --START--
INFO: Run Behavior\BuildLiteBehavior [ RunTime:0.000021s ]
INFO: [ app_init ] --END-- [ RunTime:0.000121s ]
ERR: 无法加载模块:Public

[ 2016-03-01T20:09:07+08:00 ] 127.0.0.1 /Public/Css/jquery.mCustomScrollbar.css
INFO: [ app_init ] --START--
INFO: Run Behavior\BuildLiteBehavior [ RunTime:0.000073s ]
INFO: [ app_init ] --END-- [ RunTime:0.000421s ]
ERR: 无法加载模块:Public

[ 2016-03-01T20:12:49+08:00 ] 127.0.0.1 /Public/Css/jquery.mCustomScrollbar.css
INFO: [ app_init ] --START--
INFO: Run Behavior\BuildLiteBehavior [ RunTime:0.000026s ]
INFO: [ app_init ] --END-- [ RunTime:0.000236s ]
ERR: 无法加载模块:Public

[ 2016-03-01T20:12:56+08:00 ] 127.0.0.1 /Public/Css/jquery.mCustomScrollbar.css
INFO: [ app_init ] --START--
INFO: Run Behavior\BuildLiteBehavior [ RunTime:0.000022s ]
INFO: [ app_init ] --END-- [ RunTime:0.000118s ]
ERR: 无法加载模块:Public

[ 2016-03-01T20:12:57+08:00 ] 127.0.0.1 /Public/Css/jquery.mCustomScrollbar.css
INFO: [ app_init ] --START--
INFO: Run Behavior\BuildLiteBehavior [ RunTime:0.000019s ]
INFO: [ app_init ] --END-- [ RunTime:0.000117s ]
ERR: 无法加载模块:Public

[ 2016-03-01T20:12:57+08:00 ] 127.0.0.1 /Public/Css/jquery.mCustomScrollbar.css
INFO: [ app_init ] --START--
INFO: Run Behavior\BuildLiteBehavior [ RunTime:0.000021s ]
INFO: [ app_init ] --END-- [ RunTime:0.000127s ]
ERR: 无法加载模块:Public

[ 2016-03-01T20:19:37+08:00 ] 127.0.0.1 /Public/Css/jquery.mCustomScrollbar.css
INFO: [ app_init ] --START--
INFO: Run Behavior\BuildLiteBehavior [ RunTime:0.000025s ]
INFO: [ app_init ] --END-- [ RunTime:0.000133s ]
ERR: 无法加载模块:Public

[ 2016-03-01T20:21:00+08:00 ] 127.0.0.1 /Public/Css/jquery.mCustomScrollbar.css
INFO: [ app_init ] --START--
INFO: Run Behavior\BuildLiteBehavior [ RunTime:0.000023s ]
INFO: [ app_init ] --END-- [ RunTime:0.000127s ]
ERR: 无法加载模块:Public

[ 2016-03-01T20:21:00+08:00 ] 127.0.0.1 /Public/Css/jquery.mCustomScrollbar.css
INFO: [ app_init ] --START--
INFO: Run Behavior\BuildLiteBehavior [ RunTime:0.000021s ]
INFO: [ app_init ] --END-- [ RunTime:0.000176s ]
ERR: 无法加载模块:Public

[ 2016-03-01T20:26:48+08:00 ] 127.0.0.1 /Public/Css/jquery.mCustomScrollbar.css
INFO: [ app_init ] --START--
INFO: Run Behavior\BuildLiteBehavior [ RunTime:0.000045s ]
INFO: [ app_init ] --END-- [ RunTime:0.000268s ]
ERR: 无法加载模块:Public

[ 2016-03-01T20:28:49+08:00 ] 127.0.0.1 /Public/Css/jquery.mCustomScrollbar.css
INFO: [ app_init ] --START--
INFO: Run Behavior\BuildLiteBehavior [ RunTime:0.000024s ]
INFO: [ app_init ] --END-- [ RunTime:0.000128s ]
ERR: 无法加载模块:Public

[ 2016-03-01T20:32:07+08:00 ] 127.0.0.1 /Public/Css/jquery.mCustomScrollbar.css
INFO: [ app_init ] --START--
INFO: Run Behavior\BuildLiteBehavior [ RunTime:0.000020s ]
INFO: [ app_init ] --END-- [ RunTime:0.000116s ]
ERR: 无法加载模块:Public

[ 2016-03-01T20:32:44+08:00 ] 127.0.0.1 /Public/Css/jquery.mCustomScrollbar.css
INFO: [ app_init ] --START--
INFO: Run Behavior\BuildLiteBehavior [ RunTime:0.000030s ]
INFO: [ app_init ] --END-- [ RunTime:0.000186s ]
ERR: 无法加载模块:Public

[ 2016-03-01T20:32:45+08:00 ] 127.0.0.1 /Public/Css/jquery.mCustomScrollbar.css
INFO: [ app_init ] --START--
INFO: Run Behavior\BuildLiteBehavior [ RunTime:0.000028s ]
INFO: [ app_init ] --END-- [ RunTime:0.000182s ]
ERR: 无法加载模块:Public

[ 2016-03-01T20:32:45+08:00 ] 127.0.0.1 /Public/Css/jquery.mCustomScrollbar.css
INFO: [ app_init ] --START--
INFO: Run Behavior\BuildLiteBehavior [ RunTime:0.000018s ]
INFO: [ app_init ] --END-- [ RunTime:0.000110s ]
ERR: 无法加载模块:Public

[ 2016-03-01T20:33:05+08:00 ] 127.0.0.1 /Public/Css/jquery.mCustomScrollbar.css
INFO: [ app_init ] --START--
INFO: Run Behavior\BuildLiteBehavior [ RunTime:0.000021s ]
INFO: [ app_init ] --END-- [ RunTime:0.000161s ]
ERR: 无法加载模块:Public

[ 2016-03-01T20:33:06+08:00 ] 127.0.0.1 /Public/Css/jquery.mCustomScrollbar.css
INFO: [ app_init ] --START--
INFO: Run Behavior\BuildLiteBehavior [ RunTime:0.000032s ]
INFO: [ app_init ] --END-- [ RunTime:0.000194s ]
ERR: 无法加载模块:Public

[ 2016-03-01T20:33:10+08:00 ] 127.0.0.1 /Public/Css/jquery.mCustomScrollbar.css
INFO: [ app_init ] --START--
INFO: Run Behavior\BuildLiteBehavior [ RunTime:0.000026s ]
INFO: [ app_init ] --END-- [ RunTime:0.000175s ]
ERR: 无法加载模块:Public

[ 2016-03-01T20:38:11+08:00 ] 127.0.0.1 /Public/Css/jquery.mCustomScrollbar.css
INFO: [ app_init ] --START--
INFO: Run Behavior\BuildLiteBehavior [ RunTime:0.000031s ]
INFO: [ app_init ] --END-- [ RunTime:0.000194s ]
ERR: 无法加载模块:Public

[ 2016-03-01T20:39:06+08:00 ] 127.0.0.1 /Public/Css/jquery.mCustomScrollbar.css
INFO: [ app_init ] --START--
INFO: Run Behavior\BuildLiteBehavior [ RunTime:0.000033s ]
INFO: [ app_init ] --END-- [ RunTime:0.000207s ]
ERR: 无法加载模块:Public

[ 2016-03-01T20:40:28+08:00 ] 127.0.0.1 /Public/Css/jquery.mCustomScrollbar.css
INFO: [ app_init ] --START--
INFO: Run Behavior\BuildLiteBehavior [ RunTime:0.000038s ]
INFO: [ app_init ] --END-- [ RunTime:0.000321s ]
ERR: 无法加载模块:Public

[ 2016-03-01T20:40:28+08:00 ] 127.0.0.1 /Public/Css/jquery.mCustomScrollbar.css
INFO: [ app_init ] --START--
INFO: Run Behavior\BuildLiteBehavior [ RunTime:0.000019s ]
INFO: [ app_init ] --END-- [ RunTime:0.000123s ]
ERR: 无法加载模块:Public

[ 2016-03-01T20:40:44+08:00 ] 127.0.0.1 /Public/Css/jquery.mCustomScrollbar.css
INFO: [ app_init ] --START--
INFO: Run Behavior\BuildLiteBehavior [ RunTime:0.000025s ]
INFO: [ app_init ] --END-- [ RunTime:0.000158s ]
ERR: 无法加载模块:Public

[ 2016-03-01T20:40:44+08:00 ] 127.0.0.1 /Public/Css/jquery.mCustomScrollbar.css
INFO: [ app_init ] --START--
INFO: Run Behavior\BuildLiteBehavior [ RunTime:0.000026s ]
INFO: [ app_init ] --END-- [ RunTime:0.000156s ]
ERR: 无法加载模块:Public

[ 2016-03-01T20:40:45+08:00 ] 127.0.0.1 /Public/Css/jquery.mCustomScrollbar.css
INFO: [ app_init ] --START--
INFO: Run Behavior\BuildLiteBehavior [ RunTime:0.000046s ]
INFO: [ app_init ] --END-- [ RunTime:0.000283s ]
ERR: 无法加载模块:Public

[ 2016-03-01T20:41:23+08:00 ] 127.0.0.1 /Public/Css/jquery.mCustomScrollbar.css
INFO: [ app_init ] --START--
INFO: Run Behavior\BuildLiteBehavior [ RunTime:0.000052s ]
INFO: [ app_init ] --END-- [ RunTime:0.000256s ]
ERR: 无法加载模块:Public

[ 2016-03-01T20:41:24+08:00 ] 127.0.0.1 /Public/Css/jquery.mCustomScrollbar.css
INFO: [ app_init ] --START--
INFO: Run Behavior\BuildLiteBehavior [ RunTime:0.000042s ]
INFO: [ app_init ] --END-- [ RunTime:0.000173s ]
ERR: 无法加载模块:Public

[ 2016-03-01T20:41:54+08:00 ] 127.0.0.1 /Public/Css/jquery.mCustomScrollbar.css
INFO: [ app_init ] --START--
INFO: Run Behavior\BuildLiteBehavior [ RunTime:0.000031s ]
INFO: [ app_init ] --END-- [ RunTime:0.000248s ]
ERR: 无法加载模块:Public

[ 2016-03-01T20:41:56+08:00 ] 127.0.0.1 /Public/Css/jquery.mCustomScrollbar.css
INFO: [ app_init ] --START--
INFO: Run Behavior\BuildLiteBehavior [ RunTime:0.000022s ]
INFO: [ app_init ] --END-- [ RunTime:0.000132s ]
ERR: 无法加载模块:Public

[ 2016-03-01T20:42:28+08:00 ] 127.0.0.1 /Public/Css/jquery.mCustomScrollbar.css
INFO: [ app_init ] --START--
INFO: Run Behavior\BuildLiteBehavior [ RunTime:0.000022s ]
INFO: [ app_init ] --END-- [ RunTime:0.000136s ]
ERR: 无法加载模块:Public

[ 2016-03-01T20:42:34+08:00 ] 127.0.0.1 /Public/Css/jquery.mCustomScrollbar.css
INFO: [ app_init ] --START--
INFO: Run Behavior\BuildLiteBehavior [ RunTime:0.000021s ]
INFO: [ app_init ] --END-- [ RunTime:0.000123s ]
ERR: 无法加载模块:Public

[ 2016-03-01T20:42:34+08:00 ] 127.0.0.1 /Public/Css/jquery.mCustomScrollbar.css
INFO: [ app_init ] --START--
INFO: Run Behavior\BuildLiteBehavior [ RunTime:0.000020s ]
INFO: [ app_init ] --END-- [ RunTime:0.000128s ]
ERR: 无法加载模块:Public

[ 2016-03-01T20:49:01+08:00 ] 127.0.0.1 /Public/Css/jquery.mCustomScrollbar.css
INFO: [ app_init ] --START--
INFO: Run Behavior\BuildLiteBehavior [ RunTime:0.000022s ]
INFO: [ app_init ] --END-- [ RunTime:0.000128s ]
ERR: 无法加载模块:Public

[ 2016-03-01T20:49:02+08:00 ] 127.0.0.1 /Public/Css/jquery.mCustomScrollbar.css
INFO: [ app_init ] --START--
INFO: Run Behavior\BuildLiteBehavior [ RunTime:0.000044s ]
INFO: [ app_init ] --END-- [ RunTime:0.000686s ]
ERR: 无法加载模块:Public

[ 2016-03-01T20:49:02+08:00 ] 127.0.0.1 /Public/Css/jquery.mCustomScrollbar.css
INFO: [ app_init ] --START--
INFO: Run Behavior\BuildLiteBehavior [ RunTime:0.000022s ]
INFO: [ app_init ] --END-- [ RunTime:0.000126s ]
ERR: 无法加载模块:Public

[ 2016-03-01T20:49:03+08:00 ] 127.0.0.1 /Public/Css/jquery.mCustomScrollbar.css
INFO: [ app_init ] --START--
INFO: Run Behavior\BuildLiteBehavior [ RunTime:0.000037s ]
INFO: [ app_init ] --END-- [ RunTime:0.000162s ]
ERR: 无法加载模块:Public

[ 2016-03-01T20:49:24+08:00 ] 127.0.0.1 /Public/Css/jquery.mCustomScrollbar.css
INFO: [ app_init ] --START--
INFO: Run Behavior\BuildLiteBehavior [ RunTime:0.000022s ]
INFO: [ app_init ] --END-- [ RunTime:0.000122s ]
ERR: 无法加载模块:Public

[ 2016-03-01T20:50:04+08:00 ] 127.0.0.1 /Public/Css/jquery.mCustomScrollbar.css
INFO: [ app_init ] --START--
INFO: Run Behavior\BuildLiteBehavior [ RunTime:0.000021s ]
INFO: [ app_init ] --END-- [ RunTime:0.000133s ]
ERR: 无法加载模块:Public

[ 2016-03-01T20:50:05+08:00 ] 127.0.0.1 /Public/Css/jquery.mCustomScrollbar.css
INFO: [ app_init ] --START--
INFO: Run Behavior\BuildLiteBehavior [ RunTime:0.000047s ]
INFO: [ app_init ] --END-- [ RunTime:0.000284s ]
ERR: 无法加载模块:Public

[ 2016-03-01T20:50:07+08:00 ] 127.0.0.1 /Public/Css/jquery.mCustomScrollbar.css
INFO: [ app_init ] --START--
INFO: Run Behavior\BuildLiteBehavior [ RunTime:0.000043s ]
INFO: [ app_init ] --END-- [ RunTime:0.000279s ]
ERR: 无法加载模块:Public

[ 2016-03-01T20:50:07+08:00 ] 127.0.0.1 /Public/Css/jquery.mCustomScrollbar.css
INFO: [ app_init ] --START--
INFO: Run Behavior\BuildLiteBehavior [ RunTime:0.000032s ]
INFO: [ app_init ] --END-- [ RunTime:0.000190s ]
ERR: 无法加载模块:Public

[ 2016-03-01T20:51:24+08:00 ] 127.0.0.1 /Public/Css/jquery.mCustomScrollbar.css
INFO: [ app_init ] --START--
INFO: Run Behavior\BuildLiteBehavior [ RunTime:0.000029s ]
INFO: [ app_init ] --END-- [ RunTime:0.000181s ]
ERR: 无法加载模块:Public

[ 2016-03-01T20:51:26+08:00 ] 127.0.0.1 /Public/Css/jquery.mCustomScrollbar.css
INFO: [ app_init ] --START--
INFO: Run Behavior\BuildLiteBehavior [ RunTime:0.000046s ]
INFO: [ app_init ] --END-- [ RunTime:0.000262s ]
ERR: 无法加载模块:Public

[ 2016-03-01T20:51:26+08:00 ] 127.0.0.1 /Public/Css/jquery.mCustomScrollbar.css
INFO: [ app_init ] --START--
INFO: Run Behavior\BuildLiteBehavior [ RunTime:0.000021s ]
INFO: [ app_init ] --END-- [ RunTime:0.000125s ]
ERR: 无法加载模块:Public

[ 2016-03-01T20:52:01+08:00 ] 127.0.0.1 /Public/Css/jquery.mCustomScrollbar.css
INFO: [ app_init ] --START--
INFO: Run Behavior\BuildLiteBehavior [ RunTime:0.000054s ]
INFO: [ app_init ] --END-- [ RunTime:0.000311s ]
ERR: 无法加载模块:Public

[ 2016-03-01T20:52:01+08:00 ] 127.0.0.1 /Public/Css/jquery.mCustomScrollbar.css
INFO: [ app_init ] --START--
INFO: Run Behavior\BuildLiteBehavior [ RunTime:0.000035s ]
INFO: [ app_init ] --END-- [ RunTime:0.000223s ]
ERR: 无法加载模块:Public

[ 2016-03-01T20:52:19+08:00 ] 127.0.0.1 /Public/Css/jquery.mCustomScrollbar.css
INFO: [ app_init ] --START--
INFO: Run Behavior\BuildLiteBehavior [ RunTime:0.000030s ]
INFO: [ app_init ] --END-- [ RunTime:0.000189s ]
ERR: 无法加载模块:Public

[ 2016-03-01T20:52:19+08:00 ] 127.0.0.1 /Public/Css/jquery.mCustomScrollbar.css
INFO: [ app_init ] --START--
INFO: Run Behavior\BuildLiteBehavior [ RunTime:0.000039s ]
INFO: [ app_init ] --END-- [ RunTime:0.000247s ]
ERR: 无法加载模块:Public

[ 2016-03-01T20:52:37+08:00 ] 127.0.0.1 /Public/Css/jquery.mCustomScrollbar.css
INFO: [ app_init ] --START--
INFO: Run Behavior\BuildLiteBehavior [ RunTime:0.000022s ]
INFO: [ app_init ] --END-- [ RunTime:0.000143s ]
ERR: 无法加载模块:Public

[ 2016-03-01T20:52:37+08:00 ] 127.0.0.1 /Public/Css/jquery.mCustomScrollbar.css
INFO: [ app_init ] --START--
INFO: Run Behavior\BuildLiteBehavior [ RunTime:0.000045s ]
INFO: [ app_init ] --END-- [ RunTime:0.000289s ]
ERR: 无法加载模块:Public

[ 2016-03-01T20:54:07+08:00 ] 127.0.0.1 /Public/Css/jquery.mCustomScrollbar.css
INFO: [ app_init ] --START--
INFO: Run Behavior\BuildLiteBehavior [ RunTime:0.000047s ]
INFO: [ app_init ] --END-- [ RunTime:0.000292s ]
ERR: 无法加载模块:Public

[ 2016-03-01T20:54:07+08:00 ] 127.0.0.1 /Public/Css/jquery.mCustomScrollbar.css
INFO: [ app_init ] --START--
INFO: Run Behavior\BuildLiteBehavior [ RunTime:0.000045s ]
INFO: [ app_init ] --END-- [ RunTime:0.000270s ]
ERR: 无法加载模块:Public

[ 2016-03-01T21:03:38+08:00 ] 127.0.0.1 /Public/Css/jquery.mCustomScrollbar.css
INFO: [ app_init ] --START--
INFO: Run Behavior\BuildLiteBehavior [ RunTime:0.000034s ]
INFO: [ app_init ] --END-- [ RunTime:0.000134s ]
ERR: 无法加载模块:Public

[ 2016-03-01T21:03:38+08:00 ] 127.0.0.1 /Public/Css/jquery.mCustomScrollbar.css
INFO: [ app_init ] --START--
INFO: Run Behavior\BuildLiteBehavior [ RunTime:0.000042s ]
INFO: [ app_init ] --END-- [ RunTime:0.000260s ]
ERR: 无法加载模块:Public

[ 2016-03-01T21:03:40+08:00 ] 127.0.0.1 /Public/Css/jquery.mCustomScrollbar.css
INFO: [ app_init ] --START--
INFO: Run Behavior\BuildLiteBehavior [ RunTime:0.000022s ]
INFO: [ app_init ] --END-- [ RunTime:0.000199s ]
ERR: 无法加载模块:Public

[ 2016-03-01T21:03:54+08:00 ] 127.0.0.1 /Public/Css/jquery.mCustomScrollbar.css
INFO: [ app_init ] --START--
INFO: Run Behavior\BuildLiteBehavior [ RunTime:0.000025s ]
INFO: [ app_init ] --END-- [ RunTime:0.000126s ]
ERR: 无法加载模块:Public

[ 2016-03-01T21:03:54+08:00 ] 127.0.0.1 /Public/Css/jquery.mCustomScrollbar.css
INFO: [ app_init ] --START--
INFO: Run Behavior\BuildLiteBehavior [ RunTime:0.000020s ]
INFO: [ app_init ] --END-- [ RunTime:0.000117s ]
ERR: 无法加载模块:Public

[ 2016-03-01T21:03:55+08:00 ] 127.0.0.1 /Public/Css/jquery.mCustomScrollbar.css
INFO: [ app_init ] --START--
INFO: Run Behavior\BuildLiteBehavior [ RunTime:0.000033s ]
INFO: [ app_init ] --END-- [ RunTime:0.000220s ]
ERR: 无法加载模块:Public

[ 2016-03-01T21:05:08+08:00 ] 127.0.0.1 /Public/Css/jquery.mCustomScrollbar.css
INFO: [ app_init ] --START--
INFO: Run Behavior\BuildLiteBehavior [ RunTime:0.000018s ]
INFO: [ app_init ] --END-- [ RunTime:0.000113s ]
ERR: 无法加载模块:Public

[ 2016-03-01T21:05:09+08:00 ] 127.0.0.1 /Public/Css/jquery.mCustomScrollbar.css
INFO: [ app_init ] --START--
INFO: Run Behavior\BuildLiteBehavior [ RunTime:0.000037s ]
INFO: [ app_init ] --END-- [ RunTime:0.000213s ]
ERR: 无法加载模块:Public

[ 2016-03-01T21:05:09+08:00 ] 127.0.0.1 /Public/Css/jquery.mCustomScrollbar.css
INFO: [ app_init ] --START--
INFO: Run Behavior\BuildLiteBehavior [ RunTime:0.000021s ]
INFO: [ app_init ] --END-- [ RunTime:0.000119s ]
ERR: 无法加载模块:Public

[ 2016-03-01T21:05:09+08:00 ] 127.0.0.1 /Public/Css/jquery.mCustomScrollbar.css
INFO: [ app_init ] --START--
INFO: Run Behavior\BuildLiteBehavior [ RunTime:0.000044s ]
INFO: [ app_init ] --END-- [ RunTime:0.000264s ]
ERR: 无法加载模块:Public

[ 2016-03-01T21:05:09+08:00 ] 127.0.0.1 /Public/Css/jquery.mCustomScrollbar.css
INFO: [ app_init ] --START--
INFO: Run Behavior\BuildLiteBehavior [ RunTime:0.000020s ]
INFO: [ app_init ] --END-- [ RunTime:0.000155s ]
ERR: 无法加载模块:Public

[ 2016-03-01T21:05:10+08:00 ] 127.0.0.1 /Public/Css/jquery.mCustomScrollbar.css
INFO: [ app_init ] --START--
INFO: Run Behavior\BuildLiteBehavior [ RunTime:0.000021s ]
INFO: [ app_init ] --END-- [ RunTime:0.000127s ]
ERR: 无法加载模块:Public

[ 2016-03-01T21:05:10+08:00 ] 127.0.0.1 /Public/Css/jquery.mCustomScrollbar.css
INFO: [ app_init ] --START--
INFO: Run Behavior\BuildLiteBehavior [ RunTime:0.000021s ]
INFO: [ app_init ] --END-- [ RunTime:0.000128s ]
ERR: 无法加载模块:Public

[ 2016-03-01T21:05:10+08:00 ] 127.0.0.1 /Public/Css/jquery.mCustomScrollbar.css
INFO: [ app_init ] --START--
INFO: Run Behavior\BuildLiteBehavior [ RunTime:0.000020s ]
INFO: [ app_init ] --END-- [ RunTime:0.000116s ]
ERR: 无法加载模块:Public

[ 2016-03-01T21:05:11+08:00 ] 127.0.0.1 /Public/Css/jquery.mCustomScrollbar.css
INFO: [ app_init ] --START--
INFO: Run Behavior\BuildLiteBehavior [ RunTime:0.000032s ]
INFO: [ app_init ] --END-- [ RunTime:0.000194s ]
ERR: 无法加载模块:Public

[ 2016-03-01T21:05:11+08:00 ] 127.0.0.1 /Public/Css/jquery.mCustomScrollbar.css
INFO: [ app_init ] --START--
INFO: Run Behavior\BuildLiteBehavior [ RunTime:0.000055s ]
INFO: [ app_init ] --END-- [ RunTime:0.000274s ]
ERR: 无法加载模块:Public

[ 2016-03-01T21:05:11+08:00 ] 127.0.0.1 /Public/Css/jquery.mCustomScrollbar.css
INFO: [ app_init ] --START--
INFO: Run Behavior\BuildLiteBehavior [ RunTime:0.000046s ]
INFO: [ app_init ] --END-- [ RunTime:0.000267s ]
ERR: 无法加载模块:Public

[ 2016-03-01T21:05:13+08:00 ] 127.0.0.1 /Public/Css/jquery.mCustomScrollbar.css
INFO: [ app_init ] --START--
INFO: Run Behavior\BuildLiteBehavior [ RunTime:0.000054s ]
INFO: [ app_init ] --END-- [ RunTime:0.000333s ]
ERR: 无法加载模块:Public

[ 2016-03-01T21:13:55+08:00 ] 127.0.0.1 /Public/Css/jquery.mCustomScrollbar.css
INFO: [ app_init ] --START--
INFO: Run Behavior\BuildLiteBehavior [ RunTime:0.000020s ]
INFO: [ app_init ] --END-- [ RunTime:0.000120s ]
ERR: 无法加载模块:Public

[ 2016-03-01T21:13:56+08:00 ] 127.0.0.1 /Public/Css/jquery.mCustomScrollbar.css
INFO: [ app_init ] --START--
INFO: Run Behavior\BuildLiteBehavior [ RunTime:0.000026s ]
INFO: [ app_init ] --END-- [ RunTime:0.000121s ]
ERR: 无法加载模块:Public

[ 2016-03-01T21:13:57+08:00 ] 127.0.0.1 /Public/Css/jquery.mCustomScrollbar.css
INFO: [ app_init ] --START--
INFO: Run Behavior\BuildLiteBehavior [ RunTime:0.000023s ]
INFO: [ app_init ] --END-- [ RunTime:0.000119s ]
ERR: 无法加载模块:Public

[ 2016-03-01T21:13:57+08:00 ] 127.0.0.1 /Public/Css/jquery.mCustomScrollbar.css
INFO: [ app_init ] --START--
INFO: Run Behavior\BuildLiteBehavior [ RunTime:0.000030s ]
INFO: [ app_init ] --END-- [ RunTime:0.000178s ]
ERR: 无法加载模块:Public

[ 2016-03-01T21:13:57+08:00 ] 127.0.0.1 /Public/Css/jquery.mCustomScrollbar.css
INFO: [ app_init ] --START--
INFO: Run Behavior\BuildLiteBehavior [ RunTime:0.000019s ]
INFO: [ app_init ] --END-- [ RunTime:0.000114s ]
ERR: 无法加载模块:Public

[ 2016-03-01T21:14:01+08:00 ] 127.0.0.1 /Public/Css/jquery.mCustomScrollbar.css
INFO: [ app_init ] --START--
INFO: Run Behavior\BuildLiteBehavior [ RunTime:0.000029s ]
INFO: [ app_init ] --END-- [ RunTime:0.000180s ]
ERR: 无法加载模块:Public

[ 2016-03-01T21:14:02+08:00 ] 127.0.0.1 /Public/Css/jquery.mCustomScrollbar.css
INFO: [ app_init ] --START--
INFO: Run Behavior\BuildLiteBehavior [ RunTime:0.000046s ]
INFO: [ app_init ] --END-- [ RunTime:0.000301s ]
ERR: 无法加载模块:Public

[ 2016-03-01T21:14:02+08:00 ] 127.0.0.1 /Public/Css/jquery.mCustomScrollbar.css
INFO: [ app_init ] --START--
INFO: Run Behavior\BuildLiteBehavior [ RunTime:0.000030s ]
INFO: [ app_init ] --END-- [ RunTime:0.000181s ]
ERR: 无法加载模块:Public

[ 2016-03-01T21:14:02+08:00 ] 127.0.0.1 /Public/Css/jquery.mCustomScrollbar.css
INFO: [ app_init ] --START--
INFO: Run Behavior\BuildLiteBehavior [ RunTime:0.000030s ]
INFO: [ app_init ] --END-- [ RunTime:0.000170s ]
ERR: 无法加载模块:Public

[ 2016-03-01T21:14:13+08:00 ] 127.0.0.1 /Public/Css/jquery.mCustomScrollbar.css
INFO: [ app_init ] --START--
INFO: Run Behavior\BuildLiteBehavior [ RunTime:0.000030s ]
INFO: [ app_init ] --END-- [ RunTime:0.000286s ]
ERR: 无法加载模块:Public

[ 2016-03-01T21:14:13+08:00 ] 127.0.0.1 /Public/Css/jquery.mCustomScrollbar.css
INFO: [ app_init ] --START--
INFO: Run Behavior\BuildLiteBehavior [ RunTime:0.000031s ]
INFO: [ app_init ] --END-- [ RunTime:0.000185s ]
ERR: 无法加载模块:Public

[ 2016-03-01T21:14:13+08:00 ] 127.0.0.1 /Public/Css/jquery.mCustomScrollbar.css
INFO: [ app_init ] --START--
INFO: Run Behavior\BuildLiteBehavior [ RunTime:0.000047s ]
INFO: [ app_init ] --END-- [ RunTime:0.000279s ]
ERR: 无法加载模块:Public

[ 2016-03-01T21:14:53+08:00 ] 127.0.0.1 /Public/Css/jquery.mCustomScrollbar.css
INFO: [ app_init ] --START--
INFO: Run Behavior\BuildLiteBehavior [ RunTime:0.000030s ]
INFO: [ app_init ] --END-- [ RunTime:0.000182s ]
ERR: 无法加载模块:Public

[ 2016-03-01T21:17:34+08:00 ] 127.0.0.1 /Public/Css/jquery.mCustomScrollbar.css
INFO: [ app_init ] --START--
INFO: Run Behavior\BuildLiteBehavior [ RunTime:0.000021s ]
INFO: [ app_init ] --END-- [ RunTime:0.000127s ]
ERR: 无法加载模块:Public

[ 2016-03-01T21:17:35+08:00 ] 127.0.0.1 /Public/Css/jquery.mCustomScrollbar.css
INFO: [ app_init ] --START--
INFO: Run Behavior\BuildLiteBehavior [ RunTime:0.000025s ]
INFO: [ app_init ] --END-- [ RunTime:0.000149s ]
ERR: 无法加载模块:Public

[ 2016-03-01T21:17:36+08:00 ] 127.0.0.1 /Public/Css/jquery.mCustomScrollbar.css
INFO: [ app_init ] --START--
INFO: Run Behavior\BuildLiteBehavior [ RunTime:0.000019s ]
INFO: [ app_init ] --END-- [ RunTime:0.000111s ]
ERR: 无法加载模块:Public

[ 2016-03-01T21:17:48+08:00 ] 127.0.0.1 /Public/Css/jquery.mCustomScrollbar.css
INFO: [ app_init ] --START--
INFO: Run Behavior\BuildLiteBehavior [ RunTime:0.000033s ]
INFO: [ app_init ] --END-- [ RunTime:0.000205s ]
ERR: 无法加载模块:Public

[ 2016-03-01T21:17:49+08:00 ] 127.0.0.1 /Public/Css/jquery.mCustomScrollbar.css
INFO: [ app_init ] --START--
INFO: Run Behavior\BuildLiteBehavior [ RunTime:0.000020s ]
INFO: [ app_init ] --END-- [ RunTime:0.000115s ]
ERR: 无法加载模块:Public

[ 2016-03-01T21:17:49+08:00 ] 127.0.0.1 /Public/Css/jquery.mCustomScrollbar.css
INFO: [ app_init ] --START--
INFO: Run Behavior\BuildLiteBehavior [ RunTime:0.000029s ]
INFO: [ app_init ] --END-- [ RunTime:0.000168s ]
ERR: 无法加载模块:Public

[ 2016-03-01T21:17:58+08:00 ] 127.0.0.1 /Public/Css/jquery.mCustomScrollbar.css
INFO: [ app_init ] --START--
INFO: Run Behavior\BuildLiteBehavior [ RunTime:0.000030s ]
INFO: [ app_init ] --END-- [ RunTime:0.000182s ]
ERR: 无法加载模块:Public

[ 2016-03-01T21:17:58+08:00 ] 127.0.0.1 /Public/Css/jquery.mCustomScrollbar.css
INFO: [ app_init ] --START--
INFO: Run Behavior\BuildLiteBehavior [ RunTime:0.000019s ]
INFO: [ app_init ] --END-- [ RunTime:0.000117s ]
ERR: 无法加载模块:Public

[ 2016-03-01T21:17:59+08:00 ] 127.0.0.1 /Public/Css/jquery.mCustomScrollbar.css
INFO: [ app_init ] --START--
INFO: Run Behavior\BuildLiteBehavior [ RunTime:0.000019s ]
INFO: [ app_init ] --END-- [ RunTime:0.000115s ]
ERR: 无法加载模块:Public

[ 2016-03-01T21:18:08+08:00 ] 127.0.0.1 /Public/Css/jquery.mCustomScrollbar.css
INFO: [ app_init ] --START--
INFO: Run Behavior\BuildLiteBehavior [ RunTime:0.000026s ]
INFO: [ app_init ] --END-- [ RunTime:0.000152s ]
ERR: 无法加载模块:Public

[ 2016-03-01T21:18:09+08:00 ] 127.0.0.1 /Public/Css/jquery.mCustomScrollbar.css
INFO: [ app_init ] --START--
INFO: Run Behavior\BuildLiteBehavior [ RunTime:0.000025s ]
INFO: [ app_init ] --END-- [ RunTime:0.000147s ]
ERR: 无法加载模块:Public

[ 2016-03-01T21:18:09+08:00 ] 127.0.0.1 /Public/Css/jquery.mCustomScrollbar.css
INFO: [ app_init ] --START--
INFO: Run Behavior\BuildLiteBehavior [ RunTime:0.000029s ]
INFO: [ app_init ] --END-- [ RunTime:0.000181s ]
ERR: 无法加载模块:Public

[ 2016-03-01T21:18:18+08:00 ] 127.0.0.1 /Public/Css/jquery.mCustomScrollbar.css
INFO: [ app_init ] --START--
INFO: Run Behavior\BuildLiteBehavior [ RunTime:0.000021s ]
INFO: [ app_init ] --END-- [ RunTime:0.000118s ]
ERR: 无法加载模块:Public

[ 2016-03-01T21:18:22+08:00 ] 127.0.0.1 /Public/Css/jquery.mCustomScrollbar.css
INFO: [ app_init ] --START--
INFO: Run Behavior\BuildLiteBehavior [ RunTime:0.000029s ]
INFO: [ app_init ] --END-- [ RunTime:0.000167s ]
ERR: 无法加载模块:Public

[ 2016-03-01T21:18:30+08:00 ] 127.0.0.1 /Public/Css/jquery.mCustomScrollbar.css
INFO: [ app_init ] --START--
INFO: Run Behavior\BuildLiteBehavior [ RunTime:0.000029s ]
INFO: [ app_init ] --END-- [ RunTime:0.000168s ]
ERR: 无法加载模块:Public

[ 2016-03-01T21:18:31+08:00 ] 127.0.0.1 /Public/Css/jquery.mCustomScrollbar.css
INFO: [ app_init ] --START--
INFO: Run Behavior\BuildLiteBehavior [ RunTime:0.000030s ]
INFO: [ app_init ] --END-- [ RunTime:0.000181s ]
ERR: 无法加载模块:Public

[ 2016-03-01T21:18:47+08:00 ] 127.0.0.1 /Public/Css/jquery.mCustomScrollbar.css
INFO: [ app_init ] --START--
INFO: Run Behavior\BuildLiteBehavior [ RunTime:0.000029s ]
INFO: [ app_init ] --END-- [ RunTime:0.000175s ]
ERR: 无法加载模块:Public

[ 2016-03-01T21:18:49+08:00 ] 127.0.0.1 /Public/Css/jquery.mCustomScrollbar.css
INFO: [ app_init ] --START--
INFO: Run Behavior\BuildLiteBehavior [ RunTime:0.000029s ]
INFO: [ app_init ] --END-- [ RunTime:0.000168s ]
ERR: 无法加载模块:Public

[ 2016-03-01T21:18:51+08:00 ] 127.0.0.1 /Public/Css/jquery.mCustomScrollbar.css
INFO: [ app_init ] --START--
INFO: Run Behavior\BuildLiteBehavior [ RunTime:0.000034s ]
INFO: [ app_init ] --END-- [ RunTime:0.000198s ]
ERR: 无法加载模块:Public

[ 2016-03-01T21:18:54+08:00 ] 127.0.0.1 /Public/Css/jquery.mCustomScrollbar.css
INFO: [ app_init ] --START--
INFO: Run Behavior\BuildLiteBehavior [ RunTime:0.000028s ]
INFO: [ app_init ] --END-- [ RunTime:0.000169s ]
ERR: 无法加载模块:Public

[ 2016-03-01T21:19:03+08:00 ] 127.0.0.1 /Public/Css/jquery.mCustomScrollbar.css
INFO: [ app_init ] --START--
INFO: Run Behavior\BuildLiteBehavior [ RunTime:0.000029s ]
INFO: [ app_init ] --END-- [ RunTime:0.000168s ]
ERR: 无法加载模块:Public

[ 2016-03-01T21:19:04+08:00 ] 127.0.0.1 /Public/Css/jquery.mCustomScrollbar.css
INFO: [ app_init ] --START--
INFO: Run Behavior\BuildLiteBehavior [ RunTime:0.000027s ]
INFO: [ app_init ] --END-- [ RunTime:0.000165s ]
ERR: 无法加载模块:Public

[ 2016-03-01T21:19:06+08:00 ] 127.0.0.1 /Public/Css/jquery.mCustomScrollbar.css
INFO: [ app_init ] --START--
INFO: Run Behavior\BuildLiteBehavior [ RunTime:0.000020s ]
INFO: [ app_init ] --END-- [ RunTime:0.000118s ]
ERR: 无法加载模块:Public

[ 2016-03-01T21:21:41+08:00 ] 127.0.0.1 /Public/Css/jquery.mCustomScrollbar.css
INFO: [ app_init ] --START--
INFO: Run Behavior\BuildLiteBehavior [ RunTime:0.000029s ]
INFO: [ app_init ] --END-- [ RunTime:0.000168s ]
ERR: 无法加载模块:Public

[ 2016-03-01T21:21:41+08:00 ] 127.0.0.1 /Public/Css/jquery.mCustomScrollbar.css
INFO: [ app_init ] --START--
INFO: Run Behavior\BuildLiteBehavior [ RunTime:0.000024s ]
INFO: [ app_init ] --END-- [ RunTime:0.000148s ]
ERR: 无法加载模块:Public

[ 2016-03-01T21:21:42+08:00 ] 127.0.0.1 /Public/Css/jquery.mCustomScrollbar.css
INFO: [ app_init ] --START--
INFO: Run Behavior\BuildLiteBehavior [ RunTime:0.000020s ]
INFO: [ app_init ] --END-- [ RunTime:0.000116s ]
ERR: 无法加载模块:Public

[ 2016-03-01T21:22:56+08:00 ] 127.0.0.1 /Public/Css/jquery.mCustomScrollbar.css
INFO: [ app_init ] --START--
INFO: Run Behavior\BuildLiteBehavior [ RunTime:0.000029s ]
INFO: [ app_init ] --END-- [ RunTime:0.000167s ]
ERR: 无法加载模块:Public

[ 2016-03-01T21:22:57+08:00 ] 127.0.0.1 /Public/Css/jquery.mCustomScrollbar.css
INFO: [ app_init ] --START--
INFO: Run Behavior\BuildLiteBehavior [ RunTime:0.000020s ]
INFO: [ app_init ] --END-- [ RunTime:0.000121s ]
ERR: 无法加载模块:Public

[ 2016-03-01T21:22:57+08:00 ] 127.0.0.1 /Public/Css/jquery.mCustomScrollbar.css
INFO: [ app_init ] --START--
INFO: Run Behavior\BuildLiteBehavior [ RunTime:0.000020s ]
INFO: [ app_init ] --END-- [ RunTime:0.000123s ]
ERR: 无法加载模块:Public

[ 2016-03-01T21:22:58+08:00 ] 127.0.0.1 /Public/Css/jquery.mCustomScrollbar.css
INFO: [ app_init ] --START--
INFO: Run Behavior\BuildLiteBehavior [ RunTime:0.000020s ]
INFO: [ app_init ] --END-- [ RunTime:0.000117s ]
ERR: 无法加载模块:Public

[ 2016-03-01T21:22:58+08:00 ] 127.0.0.1 /Public/Css/jquery.mCustomScrollbar.css
INFO: [ app_init ] --START--
INFO: Run Behavior\BuildLiteBehavior [ RunTime:0.000020s ]
INFO: [ app_init ] --END-- [ RunTime:0.000116s ]
ERR: 无法加载模块:Public

[ 2016-03-01T21:22:58+08:00 ] 127.0.0.1 /Public/Css/jquery.mCustomScrollbar.css
INFO: [ app_init ] --START--
INFO: Run Behavior\BuildLiteBehavior [ RunTime:0.000019s ]
INFO: [ app_init ] --END-- [ RunTime:0.000122s ]
ERR: 无法加载模块:Public

[ 2016-03-01T21:22:58+08:00 ] 127.0.0.1 /Public/Css/jquery.mCustomScrollbar.css
INFO: [ app_init ] --START--
INFO: Run Behavior\BuildLiteBehavior [ RunTime:0.000019s ]
INFO: [ app_init ] --END-- [ RunTime:0.000111s ]
ERR: 无法加载模块:Public

[ 2016-03-01T21:22:59+08:00 ] 127.0.0.1 /Public/Css/jquery.mCustomScrollbar.css
INFO: [ app_init ] --START--
INFO: Run Behavior\BuildLiteBehavior [ RunTime:0.000027s ]
INFO: [ app_init ] --END-- [ RunTime:0.000159s ]
ERR: 无法加载模块:Public

[ 2016-03-01T21:22:59+08:00 ] 127.0.0.1 /Public/Css/jquery.mCustomScrollbar.css
INFO: [ app_init ] --START--
INFO: Run Behavior\BuildLiteBehavior [ RunTime:0.000026s ]
INFO: [ app_init ] --END-- [ RunTime:0.000154s ]
ERR: 无法加载模块:Public

[ 2016-03-01T21:23:12+08:00 ] 127.0.0.1 /Public/Css/jquery.mCustomScrollbar.css
INFO: [ app_init ] --START--
INFO: Run Behavior\BuildLiteBehavior [ RunTime:0.000033s ]
INFO: [ app_init ] --END-- [ RunTime:0.000197s ]
ERR: 无法加载模块:Public

[ 2016-03-01T21:23:13+08:00 ] 127.0.0.1 /Public/Css/jquery.mCustomScrollbar.css
INFO: [ app_init ] --START--
INFO: Run Behavior\BuildLiteBehavior [ RunTime:0.000042s ]
INFO: [ app_init ] --END-- [ RunTime:0.000170s ]
ERR: 无法加载模块:Public

[ 2016-03-01T21:23:13+08:00 ] 127.0.0.1 /Public/Css/jquery.mCustomScrollbar.css
INFO: [ app_init ] --START--
INFO: Run Behavior\BuildLiteBehavior [ RunTime:0.000021s ]
INFO: [ app_init ] --END-- [ RunTime:0.000118s ]
ERR: 无法加载模块:Public

[ 2016-03-01T21:23:28+08:00 ] 127.0.0.1 /Public/Css/jquery.mCustomScrollbar.css
INFO: [ app_init ] --START--
INFO: Run Behavior\BuildLiteBehavior [ RunTime:0.000021s ]
INFO: [ app_init ] --END-- [ RunTime:0.000118s ]
ERR: 无法加载模块:Public

[ 2016-03-01T21:23:29+08:00 ] 127.0.0.1 /Public/Css/jquery.mCustomScrollbar.css
INFO: [ app_init ] --START--
INFO: Run Behavior\BuildLiteBehavior [ RunTime:0.000020s ]
INFO: [ app_init ] --END-- [ RunTime:0.000116s ]
ERR: 无法加载模块:Public

[ 2016-03-01T21:26:57+08:00 ] 127.0.0.1 /Public/Css/jquery.mCustomScrollbar.css
INFO: [ app_init ] --START--
INFO: Run Behavior\BuildLiteBehavior [ RunTime:0.000025s ]
INFO: [ app_init ] --END-- [ RunTime:0.000148s ]
ERR: 无法加载模块:Public

[ 2016-03-01T21:26:58+08:00 ] 127.0.0.1 /Public/Css/jquery.mCustomScrollbar.css
INFO: [ app_init ] --START--
INFO: Run Behavior\BuildLiteBehavior [ RunTime:0.000031s ]
INFO: [ app_init ] --END-- [ RunTime:0.000178s ]
ERR: 无法加载模块:Public

[ 2016-03-01T21:26:58+08:00 ] 127.0.0.1 /Public/Css/jquery.mCustomScrollbar.css
INFO: [ app_init ] --START--
INFO: Run Behavior\BuildLiteBehavior [ RunTime:0.000022s ]
INFO: [ app_init ] --END-- [ RunTime:0.000128s ]
ERR: 无法加载模块:Public

[ 2016-03-01T21:26:59+08:00 ] 127.0.0.1 /Public/Css/jquery.mCustomScrollbar.css
INFO: [ app_init ] --START--
INFO: Run Behavior\BuildLiteBehavior [ RunTime:0.000030s ]
INFO: [ app_init ] --END-- [ RunTime:0.000145s ]
ERR: 无法加载模块:Public

[ 2016-03-01T21:26:59+08:00 ] 127.0.0.1 /Public/Css/jquery.mCustomScrollbar.css
INFO: [ app_init ] --START--
INFO: Run Behavior\BuildLiteBehavior [ RunTime:0.000031s ]
INFO: [ app_init ] --END-- [ RunTime:0.000183s ]
ERR: 无法加载模块:Public

[ 2016-03-01T21:26:59+08:00 ] 127.0.0.1 /Public/Css/jquery.mCustomScrollbar.css
INFO: [ app_init ] --START--
INFO: Run Behavior\BuildLiteBehavior [ RunTime:0.000022s ]
INFO: [ app_init ] --END-- [ RunTime:0.000131s ]
ERR: 无法加载模块:Public

[ 2016-03-01T21:26:59+08:00 ] 127.0.0.1 /Public/Css/jquery.mCustomScrollbar.css
INFO: [ app_init ] --START--
INFO: Run Behavior\BuildLiteBehavior [ RunTime:0.000060s ]
INFO: [ app_init ] --END-- [ RunTime:0.000259s ]
ERR: 无法加载模块:Public

[ 2016-03-01T21:27:15+08:00 ] 127.0.0.1 /Public/Css/jquery.mCustomScrollbar.css
INFO: [ app_init ] --START--
INFO: Run Behavior\BuildLiteBehavior [ RunTime:0.000022s ]
INFO: [ app_init ] --END-- [ RunTime:0.000129s ]
ERR: 无法加载模块:Public

[ 2016-03-01T21:27:15+08:00 ] 127.0.0.1 /favicon.ico
INFO: [ app_init ] --START--
INFO: Run Behavior\BuildLiteBehavior [ RunTime:0.000025s ]
INFO: [ app_init ] --END-- [ RunTime:0.000136s ]
ERR: 无法加载模块:Favicon

[ 2016-03-01T21:27:23+08:00 ] 127.0.0.1 /Public/Css/jquery.mCustomScrollbar.css
INFO: [ app_init ] --START--
INFO: Run Behavior\BuildLiteBehavior [ RunTime:0.000048s ]
INFO: [ app_init ] --END-- [ RunTime:0.000283s ]
ERR: 无法加载模块:Public

[ 2016-03-01T21:27:24+08:00 ] 127.0.0.1 /favicon.ico
INFO: [ app_init ] --START--
INFO: Run Behavior\BuildLiteBehavior [ RunTime:0.000030s ]
INFO: [ app_init ] --END-- [ RunTime:0.000175s ]
ERR: 无法加载模块:Favicon

[ 2016-03-01T21:31:06+08:00 ] 127.0.0.1 /favicon.ico
INFO: [ app_init ] --START--
INFO: Run Behavior\BuildLiteBehavior [ RunTime:0.000023s ]
INFO: [ app_init ] --END-- [ RunTime:0.000126s ]
ERR: 无法加载模块:Favicon

[ 2016-03-01T21:31:06+08:00 ] 127.0.0.1 /Public/Css/jquery.mCustomScrollbar.css
INFO: [ app_init ] --START--
INFO: Run Behavior\BuildLiteBehavior [ RunTime:0.000068s ]
INFO: [ app_init ] --END-- [ RunTime:0.000435s ]
ERR: 无法加载模块:Public

[ 2016-03-01T21:31:06+08:00 ] 127.0.0.1 /favicon.ico
INFO: [ app_init ] --START--
INFO: Run Behavior\BuildLiteBehavior [ RunTime:0.000045s ]
INFO: [ app_init ] --END-- [ RunTime:0.000229s ]
ERR: 无法加载模块:Favicon

[ 2016-03-01T21:31:07+08:00 ] 127.0.0.1 /favicon.ico
INFO: [ app_init ] --START--
INFO: Run Behavior\BuildLiteBehavior [ RunTime:0.000023s ]
INFO: [ app_init ] --END-- [ RunTime:0.000137s ]
ERR: 无法加载模块:Favicon

[ 2016-03-01T21:31:07+08:00 ] 127.0.0.1 /Public/Css/jquery.mCustomScrollbar.css
INFO: [ app_init ] --START--
INFO: Run Behavior\BuildLiteBehavior [ RunTime:0.000047s ]
INFO: [ app_init ] --END-- [ RunTime:0.000276s ]
ERR: 无法加载模块:Public

[ 2016-03-01T21:31:07+08:00 ] 127.0.0.1 /favicon.ico
INFO: [ app_init ] --START--
INFO: Run Behavior\BuildLiteBehavior [ RunTime:0.000029s ]
INFO: [ app_init ] --END-- [ RunTime:0.000168s ]
ERR: 无法加载模块:Favicon

[ 2016-03-01T21:31:39+08:00 ] 127.0.0.1 /Public/Css/jquery.mCustomScrollbar.css
INFO: [ app_init ] --START--
INFO: Run Behavior\BuildLiteBehavior [ RunTime:0.000049s ]
INFO: [ app_init ] --END-- [ RunTime:0.000301s ]
ERR: 无法加载模块:Public

[ 2016-03-01T21:31:39+08:00 ] 127.0.0.1 /favicon.ico
INFO: [ app_init ] --START--
INFO: Run Behavior\BuildLiteBehavior [ RunTime:0.000033s ]
INFO: [ app_init ] --END-- [ RunTime:0.000189s ]
ERR: 无法加载模块:Favicon

[ 2016-03-01T21:31:57+08:00 ] 127.0.0.1 /Public/Css/jquery.mCustomScrollbar.css
INFO: [ app_init ] --START--
INFO: Run Behavior\BuildLiteBehavior [ RunTime:0.000049s ]
INFO: [ app_init ] --END-- [ RunTime:0.000309s ]
ERR: 无法加载模块:Public

[ 2016-03-01T21:31:58+08:00 ] 127.0.0.1 /favicon.ico
INFO: [ app_init ] --START--
INFO: Run Behavior\BuildLiteBehavior [ RunTime:0.000020s ]
INFO: [ app_init ] --END-- [ RunTime:0.000125s ]
ERR: 无法加载模块:Favicon

[ 2016-03-01T21:33:31+08:00 ] 127.0.0.1 /Public/Css/jquery.mCustomScrollbar.css
INFO: [ app_init ] --START--
INFO: Run Behavior\BuildLiteBehavior [ RunTime:0.000116s ]
INFO: [ app_init ] --END-- [ RunTime:0.000729s ]
ERR: 无法加载模块:Public

[ 2016-03-01T21:33:32+08:00 ] 127.0.0.1 /favicon.ico
INFO: [ app_init ] --START--
INFO: Run Behavior\BuildLiteBehavior [ RunTime:0.000077s ]
INFO: [ app_init ] --END-- [ RunTime:0.000485s ]
ERR: 无法加载模块:Favicon

[ 2016-03-01T21:34:43+08:00 ] 127.0.0.1 /Public/Css/jquery.mCustomScrollbar.css
INFO: [ app_init ] --START--
INFO: Run Behavior\BuildLiteBehavior [ RunTime:0.000076s ]
INFO: [ app_init ] --END-- [ RunTime:0.000450s ]
ERR: 无法加载模块:Public

[ 2016-03-01T21:34:44+08:00 ] 127.0.0.1 /favicon.ico
INFO: [ app_init ] --START--
INFO: Run Behavior\BuildLiteBehavior [ RunTime:0.000075s ]
INFO: [ app_init ] --END-- [ RunTime:0.000452s ]
ERR: 无法加载模块:Favicon

[ 2016-03-01T21:34:48+08:00 ] 127.0.0.1 /Public/Css/jquery.mCustomScrollbar.css
INFO: [ app_init ] --START--
INFO: Run Behavior\BuildLiteBehavior [ RunTime:0.000093s ]
INFO: [ app_init ] --END-- [ RunTime:0.000477s ]
ERR: 无法加载模块:Public

[ 2016-03-01T21:34:48+08:00 ] 127.0.0.1 /favicon.ico
INFO: [ app_init ] --START--
INFO: Run Behavior\BuildLiteBehavior [ RunTime:0.000082s ]
INFO: [ app_init ] --END-- [ RunTime:0.000495s ]
ERR: 无法加载模块:Favicon

[ 2016-03-01T21:35:21+08:00 ] 127.0.0.1 /Public/Css/jquery.mCustomScrollbar.css
INFO: [ app_init ] --START--
INFO: Run Behavior\BuildLiteBehavior [ RunTime:0.000079s ]
INFO: [ app_init ] --END-- [ RunTime:0.000461s ]
ERR: 无法加载模块:Public

[ 2016-03-01T21:35:22+08:00 ] 127.0.0.1 /favicon.ico
INFO: [ app_init ] --START--
INFO: Run Behavior\BuildLiteBehavior [ RunTime:0.000078s ]
INFO: [ app_init ] --END-- [ RunTime:0.000481s ]
ERR: 无法加载模块:Favicon

[ 2016-03-01T21:35:43+08:00 ] 127.0.0.1 /Public/Css/jquery.mCustomScrollbar.css
INFO: [ app_init ] --START--
INFO: Run Behavior\BuildLiteBehavior [ RunTime:0.000079s ]
INFO: [ app_init ] --END-- [ RunTime:0.000608s ]
ERR: 无法加载模块:Public

[ 2016-03-01T21:35:43+08:00 ] 127.0.0.1 /favicon.ico
INFO: [ app_init ] --START--
INFO: Run Behavior\BuildLiteBehavior [ RunTime:0.000079s ]
INFO: [ app_init ] --END-- [ RunTime:0.000453s ]
ERR: 无法加载模块:Favicon

[ 2016-03-01T21:36:08+08:00 ] 127.0.0.1 /Public/Css/jquery.mCustomScrollbar.css
INFO: [ app_init ] --START--
INFO: Run Behavior\BuildLiteBehavior [ RunTime:0.000077s ]
INFO: [ app_init ] --END-- [ RunTime:0.000454s ]
ERR: 无法加载模块:Public

[ 2016-03-01T21:36:09+08:00 ] 127.0.0.1 /favicon.ico
INFO: [ app_init ] --START--
INFO: Run Behavior\BuildLiteBehavior [ RunTime:0.000077s ]
INFO: [ app_init ] --END-- [ RunTime:0.000473s ]
ERR: 无法加载模块:Favicon

[ 2016-03-01T21:36:25+08:00 ] 127.0.0.1 /Public/Css/jquery.mCustomScrollbar.css
INFO: [ app_init ] --START--
INFO: Run Behavior\BuildLiteBehavior [ RunTime:0.000077s ]
INFO: [ app_init ] --END-- [ RunTime:0.000479s ]
ERR: 无法加载模块:Public

[ 2016-03-01T21:36:26+08:00 ] 127.0.0.1 /favicon.ico
INFO: [ app_init ] --START--
INFO: Run Behavior\BuildLiteBehavior [ RunTime:0.000076s ]
INFO: [ app_init ] --END-- [ RunTime:0.000459s ]
ERR: 无法加载模块:Favicon

[ 2016-03-01T21:36:40+08:00 ] 127.0.0.1 /Public/Css/jquery.mCustomScrollbar.css
INFO: [ app_init ] --START--
INFO: Run Behavior\BuildLiteBehavior [ RunTime:0.000075s ]
INFO: [ app_init ] --END-- [ RunTime:0.000460s ]
ERR: 无法加载模块:Public

[ 2016-03-01T21:36:40+08:00 ] 127.0.0.1 /favicon.ico
INFO: [ app_init ] --START--
INFO: Run Behavior\BuildLiteBehavior [ RunTime:0.000078s ]
INFO: [ app_init ] --END-- [ RunTime:0.000469s ]
ERR: 无法加载模块:Favicon

[ 2016-03-01T21:40:19+08:00 ] 127.0.0.1 /Public/Css/jquery.mCustomScrollbar.css
INFO: [ app_init ] --START--
INFO: Run Behavior\BuildLiteBehavior [ RunTime:0.000075s ]
INFO: [ app_init ] --END-- [ RunTime:0.000453s ]
ERR: 无法加载模块:Public

[ 2016-03-01T21:40:19+08:00 ] 127.0.0.1 /favicon.ico
INFO: [ app_init ] --START--
INFO: Run Behavior\BuildLiteBehavior [ RunTime:0.000076s ]
INFO: [ app_init ] --END-- [ RunTime:0.000452s ]
ERR: 无法加载模块:Favicon

[ 2016-03-01T21:40:33+08:00 ] 127.0.0.1 /Public/Css/jquery.mCustomScrollbar.css
INFO: [ app_init ] --START--
INFO: Run Behavior\BuildLiteBehavior [ RunTime:0.000076s ]
INFO: [ app_init ] --END-- [ RunTime:0.000463s ]
ERR: 无法加载模块:Public

[ 2016-03-01T21:40:34+08:00 ] 127.0.0.1 /favicon.ico
INFO: [ app_init ] --START--
INFO: Run Behavior\BuildLiteBehavior [ RunTime:0.000078s ]
INFO: [ app_init ] --END-- [ RunTime:0.000476s ]
ERR: 无法加载模块:Favicon

[ 2016-03-01T21:40:36+08:00 ] 127.0.0.1 /Public/Css/jquery.mCustomScrollbar.css
INFO: [ app_init ] --START--
INFO: Run Behavior\BuildLiteBehavior [ RunTime:0.000078s ]
INFO: [ app_init ] --END-- [ RunTime:0.000464s ]
ERR: 无法加载模块:Public

[ 2016-03-01T21:40:36+08:00 ] 127.0.0.1 /favicon.ico
INFO: [ app_init ] --START--
INFO: Run Behavior\BuildLiteBehavior [ RunTime:0.000127s ]
INFO: [ app_init ] --END-- [ RunTime:0.000782s ]
ERR: 无法加载模块:Favicon

[ 2016-03-01T21:40:40+08:00 ] 127.0.0.1 /Public/Css/jquery.mCustomScrollbar.css
INFO: [ app_init ] --START--
INFO: Run Behavior\BuildLiteBehavior [ RunTime:0.000076s ]
INFO: [ app_init ] --END-- [ RunTime:0.000458s ]
ERR: 无法加载模块:Public

[ 2016-03-01T21:40:40+08:00 ] 127.0.0.1 /favicon.ico
INFO: [ app_init ] --START--
INFO: Run Behavior\BuildLiteBehavior [ RunTime:0.000076s ]
INFO: [ app_init ] --END-- [ RunTime:0.000457s ]
ERR: 无法加载模块:Favicon

[ 2016-03-01T21:41:08+08:00 ] 127.0.0.1 /Public/Css/jquery.mCustomScrollbar.css
INFO: [ app_init ] --START--
INFO: Run Behavior\BuildLiteBehavior [ RunTime:0.000078s ]
INFO: [ app_init ] --END-- [ RunTime:0.000466s ]
ERR: 无法加载模块:Public

[ 2016-03-01T21:41:08+08:00 ] 127.0.0.1 /favicon.ico
INFO: [ app_init ] --START--
INFO: Run Behavior\BuildLiteBehavior [ RunTime:0.000077s ]
INFO: [ app_init ] --END-- [ RunTime:0.000468s ]
ERR: 无法加载模块:Favicon

[ 2016-03-01T21:41:30+08:00 ] 127.0.0.1 /Public/Css/jquery.mCustomScrollbar.css
INFO: [ app_init ] --START--
INFO: Run Behavior\BuildLiteBehavior [ RunTime:0.000074s ]
INFO: [ app_init ] --END-- [ RunTime:0.000450s ]
ERR: 无法加载模块:Public

[ 2016-03-01T21:41:31+08:00 ] 127.0.0.1 /favicon.ico
INFO: [ app_init ] --START--
INFO: Run Behavior\BuildLiteBehavior [ RunTime:0.000077s ]
INFO: [ app_init ] --END-- [ RunTime:0.000462s ]
ERR: 无法加载模块:Favicon

[ 2016-03-01T21:41:34+08:00 ] 127.0.0.1 /Public/Css/jquery.mCustomScrollbar.css
INFO: [ app_init ] --START--
INFO: Run Behavior\BuildLiteBehavior [ RunTime:0.000075s ]
INFO: [ app_init ] --END-- [ RunTime:0.000458s ]
ERR: 无法加载模块:Public

[ 2016-03-01T21:41:34+08:00 ] 127.0.0.1 /favicon.ico
INFO: [ app_init ] --START--
INFO: Run Behavior\BuildLiteBehavior [ RunTime:0.000075s ]
INFO: [ app_init ] --END-- [ RunTime:0.000448s ]
ERR: 无法加载模块:Favicon

[ 2016-03-01T21:41:43+08:00 ] 127.0.0.1 /Public/Css/jquery.mCustomScrollbar.css
INFO: [ app_init ] --START--
INFO: Run Behavior\BuildLiteBehavior [ RunTime:0.000074s ]
INFO: [ app_init ] --END-- [ RunTime:0.000448s ]
ERR: 无法加载模块:Public

[ 2016-03-01T21:41:44+08:00 ] 127.0.0.1 /favicon.ico
INFO: [ app_init ] --START--
INFO: Run Behavior\BuildLiteBehavior [ RunTime:0.000077s ]
INFO: [ app_init ] --END-- [ RunTime:0.000455s ]
ERR: 无法加载模块:Favicon

[ 2016-03-01T21:41:45+08:00 ] 127.0.0.1 /Public/Css/jquery.mCustomScrollbar.css
INFO: [ app_init ] --START--
INFO: Run Behavior\BuildLiteBehavior [ RunTime:0.000078s ]
INFO: [ app_init ] --END-- [ RunTime:0.000481s ]
ERR: 无法加载模块:Public

[ 2016-03-01T21:41:46+08:00 ] 127.0.0.1 /favicon.ico
INFO: [ app_init ] --START--
INFO: Run Behavior\BuildLiteBehavior [ RunTime:0.000101s ]
INFO: [ app_init ] --END-- [ RunTime:0.000555s ]
ERR: 无法加载模块:Favicon

[ 2016-03-01T21:43:55+08:00 ] 127.0.0.1 /Public/Css/jquery.mCustomScrollbar.css
INFO: [ app_init ] --START--
INFO: Run Behavior\BuildLiteBehavior [ RunTime:0.000077s ]
INFO: [ app_init ] --END-- [ RunTime:0.000448s ]
ERR: 无法加载模块:Public

[ 2016-03-01T21:43:56+08:00 ] 127.0.0.1 /favicon.ico
INFO: [ app_init ] --START--
INFO: Run Behavior\BuildLiteBehavior [ RunTime:0.000130s ]
INFO: [ app_init ] --END-- [ RunTime:0.000787s ]
ERR: 无法加载模块:Favicon

[ 2016-03-01T21:45:56+08:00 ] 127.0.0.1 /Public/Css/jquery.mCustomScrollbar.css
INFO: [ app_init ] --START--
INFO: Run Behavior\BuildLiteBehavior [ RunTime:0.000075s ]
INFO: [ app_init ] --END-- [ RunTime:0.000480s ]
ERR: 无法加载模块:Public

[ 2016-03-01T21:45:57+08:00 ] 127.0.0.1 /favicon.ico
INFO: [ app_init ] --START--
INFO: Run Behavior\BuildLiteBehavior [ RunTime:0.000087s ]
INFO: [ app_init ] --END-- [ RunTime:0.000595s ]
ERR: 无法加载模块:Favicon

[ 2016-03-01T21:46:09+08:00 ] 127.0.0.1 /Public/Css/jquery.mCustomScrollbar.css
INFO: [ app_init ] --START--
INFO: Run Behavior\BuildLiteBehavior [ RunTime:0.000076s ]
INFO: [ app_init ] --END-- [ RunTime:0.000450s ]
ERR: 无法加载模块:Public

[ 2016-03-01T21:46:09+08:00 ] 127.0.0.1 /favicon.ico
INFO: [ app_init ] --START--
INFO: Run Behavior\BuildLiteBehavior [ RunTime:0.000078s ]
INFO: [ app_init ] --END-- [ RunTime:0.000456s ]
ERR: 无法加载模块:Favicon

[ 2016-03-01T21:46:21+08:00 ] 127.0.0.1 /Public/Css/jquery.mCustomScrollbar.css
INFO: [ app_init ] --START--
INFO: Run Behavior\BuildLiteBehavior [ RunTime:0.000075s ]
INFO: [ app_init ] --END-- [ RunTime:0.000448s ]
ERR: 无法加载模块:Public

[ 2016-03-01T21:46:21+08:00 ] 127.0.0.1 /favicon.ico
INFO: [ app_init ] --START--
INFO: Run Behavior\BuildLiteBehavior [ RunTime:0.000078s ]
INFO: [ app_init ] --END-- [ RunTime:0.000453s ]
ERR: 无法加载模块:Favicon

[ 2016-03-01T21:52:23+08:00 ] 127.0.0.1 /Public/Css/jquery.mCustomScrollbar.css
INFO: [ app_init ] --START--
INFO: Run Behavior\BuildLiteBehavior [ RunTime:0.000076s ]
INFO: [ app_init ] --END-- [ RunTime:0.000456s ]
ERR: 无法加载模块:Public

[ 2016-03-01T21:52:24+08:00 ] 127.0.0.1 /favicon.ico
INFO: [ app_init ] --START--
INFO: Run Behavior\BuildLiteBehavior [ RunTime:0.000142s ]
INFO: [ app_init ] --END-- [ RunTime:0.000880s ]
ERR: 无法加载模块:Favicon

[ 2016-03-01T21:52:46+08:00 ] 127.0.0.1 /Public/Css/jquery.mCustomScrollbar.css
INFO: [ app_init ] --START--
INFO: Run Behavior\BuildLiteBehavior [ RunTime:0.000079s ]
INFO: [ app_init ] --END-- [ RunTime:0.000457s ]
ERR: 无法加载模块:Public

[ 2016-03-01T21:52:47+08:00 ] 127.0.0.1 /favicon.ico
INFO: [ app_init ] --START--
INFO: Run Behavior\BuildLiteBehavior [ RunTime:0.000093s ]
INFO: [ app_init ] --END-- [ RunTime:0.000472s ]
ERR: 无法加载模块:Favicon

[ 2016-03-01T21:54:06+08:00 ] 127.0.0.1 /Public/Css/jquery.mCustomScrollbar.css
INFO: [ app_init ] --START--
INFO: Run Behavior\BuildLiteBehavior [ RunTime:0.000076s ]
INFO: [ app_init ] --END-- [ RunTime:0.000468s ]
ERR: 无法加载模块:Public

[ 2016-03-01T21:54:07+08:00 ] 127.0.0.1 /favicon.ico
INFO: [ app_init ] --START--
INFO: Run Behavior\BuildLiteBehavior [ RunTime:0.000083s ]
INFO: [ app_init ] --END-- [ RunTime:0.000535s ]
ERR: 无法加载模块:Favicon

[ 2016-03-01T21:55:21+08:00 ] 127.0.0.1 /Public/Css/jquery.mCustomScrollbar.css
INFO: [ app_init ] --START--
INFO: Run Behavior\BuildLiteBehavior [ RunTime:0.000076s ]
INFO: [ app_init ] --END-- [ RunTime:0.000462s ]
ERR: 无法加载模块:Public

[ 2016-03-01T21:55:21+08:00 ] 127.0.0.1 /favicon.ico
INFO: [ app_init ] --START--
INFO: Run Behavior\BuildLiteBehavior [ RunTime:0.000076s ]
INFO: [ app_init ] --END-- [ RunTime:0.000461s ]
ERR: 无法加载模块:Favicon

[ 2016-03-01T21:57:55+08:00 ] 127.0.0.1 /Public/Css/jquery.mCustomScrollbar.css
INFO: [ app_init ] --START--
INFO: Run Behavior\BuildLiteBehavior [ RunTime:0.000078s ]
INFO: [ app_init ] --END-- [ RunTime:0.000456s ]
ERR: 无法加载模块:Public

[ 2016-03-01T21:57:55+08:00 ] 127.0.0.1 /favicon.ico
INFO: [ app_init ] --START--
INFO: Run Behavior\BuildLiteBehavior [ RunTime:0.000076s ]
INFO: [ app_init ] --END-- [ RunTime:0.000450s ]
ERR: 无法加载模块:Favicon

[ 2016-03-01T22:04:25+08:00 ] 127.0.0.1 /Public/Css/jquery.mCustomScrollbar.css
INFO: [ app_init ] --START--
INFO: Run Behavior\BuildLiteBehavior [ RunTime:0.000074s ]
INFO: [ app_init ] --END-- [ RunTime:0.000448s ]
ERR: 无法加载模块:Public

[ 2016-03-01T22:04:26+08:00 ] 127.0.0.1 /favicon.ico
INFO: [ app_init ] --START--
INFO: Run Behavior\BuildLiteBehavior [ RunTime:0.000124s ]
INFO: [ app_init ] --END-- [ RunTime:0.000819s ]
ERR: 无法加载模块:Favicon

[ 2016-03-01T22:09:39+08:00 ] 127.0.0.1 /Public/Css/jquery.mCustomScrollbar.css
INFO: [ app_init ] --START--
INFO: Run Behavior\BuildLiteBehavior [ RunTime:0.000085s ]
INFO: [ app_init ] --END-- [ RunTime:0.000464s ]
ERR: 无法加载模块:Public

[ 2016-03-01T22:09:40+08:00 ] 127.0.0.1 /favicon.ico
INFO: [ app_init ] --START--
INFO: Run Behavior\BuildLiteBehavior [ RunTime:0.000075s ]
INFO: [ app_init ] --END-- [ RunTime:0.000456s ]
ERR: 无法加载模块:Favicon

[ 2016-03-01T22:12:12+08:00 ] 127.0.0.1 /Public/Css/jquery.mCustomScrollbar.css
INFO: [ app_init ] --START--
INFO: Run Behavior\BuildLiteBehavior [ RunTime:0.000077s ]
INFO: [ app_init ] --END-- [ RunTime:0.000453s ]
ERR: 无法加载模块:Public

[ 2016-03-01T22:12:12+08:00 ] 127.0.0.1 /favicon.ico
INFO: [ app_init ] --START--
INFO: Run Behavior\BuildLiteBehavior [ RunTime:0.000076s ]
INFO: [ app_init ] --END-- [ RunTime:0.000450s ]
ERR: 无法加载模块:Favicon

[ 2016-03-01T22:15:28+08:00 ] 127.0.0.1 /Public/Css/jquery.mCustomScrollbar.css
INFO: [ app_init ] --START--
INFO: Run Behavior\BuildLiteBehavior [ RunTime:0.000077s ]
INFO: [ app_init ] --END-- [ RunTime:0.000457s ]
ERR: 无法加载模块:Public

[ 2016-03-01T22:15:29+08:00 ] 127.0.0.1 /favicon.ico
INFO: [ app_init ] --START--
INFO: Run Behavior\BuildLiteBehavior [ RunTime:0.000126s ]
INFO: [ app_init ] --END-- [ RunTime:0.000775s ]
ERR: 无法加载模块:Favicon

[ 2016-03-01T22:16:00+08:00 ] 127.0.0.1 /Public/Css/jquery.mCustomScrollbar.css
INFO: [ app_init ] --START--
INFO: Run Behavior\BuildLiteBehavior [ RunTime:0.000078s ]
INFO: [ app_init ] --END-- [ RunTime:0.000470s ]
ERR: 无法加载模块:Public

[ 2016-03-01T22:16:01+08:00 ] 127.0.0.1 /favicon.ico
INFO: [ app_init ] --START--
INFO: Run Behavior\BuildLiteBehavior [ RunTime:0.000077s ]
INFO: [ app_init ] --END-- [ RunTime:0.000481s ]
ERR: 无法加载模块:Favicon

[ 2016-03-01T22:16:51+08:00 ] 127.0.0.1 /Public/Css/jquery.mCustomScrollbar.css
INFO: [ app_init ] --START--
INFO: Run Behavior\BuildLiteBehavior [ RunTime:0.000076s ]
INFO: [ app_init ] --END-- [ RunTime:0.000451s ]
ERR: 无法加载模块:Public

[ 2016-03-01T22:16:52+08:00 ] 127.0.0.1 /favicon.ico
INFO: [ app_init ] --START--
INFO: Run Behavior\BuildLiteBehavior [ RunTime:0.000081s ]
INFO: [ app_init ] --END-- [ RunTime:0.000609s ]
ERR: 无法加载模块:Favicon

[ 2016-03-01T22:18:25+08:00 ] 127.0.0.1 /Public/Css/jquery.mCustomScrollbar.css
INFO: [ app_init ] --START--
INFO: Run Behavior\BuildLiteBehavior [ RunTime:0.000077s ]
INFO: [ app_init ] --END-- [ RunTime:0.000457s ]
ERR: 无法加载模块:Public

[ 2016-03-01T22:18:26+08:00 ] 127.0.0.1 /favicon.ico
INFO: [ app_init ] --START--
INFO: Run Behavior\BuildLiteBehavior [ RunTime:0.000131s ]
INFO: [ app_init ] --END-- [ RunTime:0.000793s ]
ERR: 无法加载模块:Favicon

[ 2016-03-01T22:20:03+08:00 ] 127.0.0.1 /Public/Css/jquery.mCustomScrollbar.css
INFO: [ app_init ] --START--
INFO: Run Behavior\BuildLiteBehavior [ RunTime:0.000079s ]
INFO: [ app_init ] --END-- [ RunTime:0.000452s ]
ERR: 无法加载模块:Public

[ 2016-03-01T22:20:03+08:00 ] 127.0.0.1 /favicon.ico
INFO: [ app_init ] --START--
INFO: Run Behavior\BuildLiteBehavior [ RunTime:0.000079s ]
INFO: [ app_init ] --END-- [ RunTime:0.000566s ]
ERR: 无法加载模块:Favicon

[ 2016-03-01T22:24:53+08:00 ] 127.0.0.1 /Public/Css/jquery.mCustomScrollbar.css
INFO: [ app_init ] --START--
INFO: Run Behavior\BuildLiteBehavior [ RunTime:0.000077s ]
INFO: [ app_init ] --END-- [ RunTime:0.000459s ]
ERR: 无法加载模块:Public

[ 2016-03-01T22:24:54+08:00 ] 127.0.0.1 /favicon.ico
INFO: [ app_init ] --START--
INFO: Run Behavior\BuildLiteBehavior [ RunTime:0.000077s ]
INFO: [ app_init ] --END-- [ RunTime:0.000463s ]
ERR: 无法加载模块:Favicon

[ 2016-03-01T22:26:11+08:00 ] 127.0.0.1 /Public/Css/jquery.mCustomScrollbar.css
INFO: [ app_init ] --START--
INFO: Run Behavior\BuildLiteBehavior [ RunTime:0.000076s ]
INFO: [ app_init ] --END-- [ RunTime:0.000455s ]
ERR: 无法加载模块:Public

[ 2016-03-01T22:26:12+08:00 ] 127.0.0.1 /favicon.ico
INFO: [ app_init ] --START--
INFO: Run Behavior\BuildLiteBehavior [ RunTime:0.000091s ]
INFO: [ app_init ] --END-- [ RunTime:0.000564s ]
ERR: 无法加载模块:Favicon

